<?xml version="1.0" encoding="utf-8"?>
<test-run id="2" testcasecount="399" result="Skipped:Ignored" total="399" passed="397" failed="0" inconclusive="0" skipped="2" asserts="0" engine-version="3.5.0.0" clr-version="4.0.30319.42000" start-time="2020-04-08 02:13:18Z" end-time="2020-04-08 02:13:25Z" duration="6.7771439">
  <test-suite type="TestSuite" id="1000" name="workspace" fullname="workspace" runstate="Runnable" testcasecount="399" result="Skipped" label="Ignored" start-time="2020-04-08 02:13:18Z" end-time="2020-04-08 02:13:25Z" duration="6.777144" total="399" passed="397" failed="0" inconclusive="0" skipped="2" asserts="0">
    <properties />
    <reason>
      <message><![CDATA[One or more child tests were ignored]]></message>
    </reason>
    <test-suite type="Assembly" id="1401" name="Mirror.Tests.dll" fullname="/github/workspace/Library/ScriptAssemblies/Mirror.Tests.dll" runstate="Runnable" testcasecount="367" result="Passed" start-time="2020-04-08 02:13:18Z" end-time="2020-04-08 02:13:20Z" duration="1.209042" total="367" passed="367" failed="0" inconclusive="0" skipped="0" asserts="0">
      <properties>
        <property name="_PID" value="26" />
        <property name="_APPDOMAIN" value="Unity Child Domain" />
        <property name="platform" value="EditMode" />
      </properties>
      <test-suite type="TestSuite" id="1402" name="Mirror" fullname="Mirror" runstate="Runnable" testcasecount="367" result="Passed" start-time="2020-04-08 02:13:18Z" end-time="2020-04-08 02:13:19Z" duration="0.971939" total="367" passed="367" failed="0" inconclusive="0" skipped="0" asserts="0">
        <properties />
        <test-suite type="TestSuite" id="1403" name="Tests" fullname="Mirror.Tests" runstate="Runnable" testcasecount="367" result="Passed" start-time="2020-04-08 02:13:18Z" end-time="2020-04-08 02:13:19Z" duration="0.767374" total="367" passed="367" failed="0" inconclusive="0" skipped="0" asserts="0">
          <properties />
          <test-suite type="TestFixture" id="1001" name="ArraySegmentWriterTest" fullname="Mirror.Tests.ArraySegmentWriterTest" classname="Mirror.Tests.ArraySegmentWriterTest" runstate="Runnable" testcasecount="6" result="Passed" start-time="2020-04-08 02:13:18Z" end-time="2020-04-08 02:13:18Z" duration="0.011140" total="6" passed="6" failed="0" inconclusive="0" skipped="0" asserts="0">
            <properties />
            <test-case id="1002" name="TestEmptyByteArray" fullname="Mirror.Tests.ArraySegmentWriterTest.TestEmptyByteArray" methodname="TestEmptyByteArray" classname="Mirror.Tests.ArraySegmentWriterTest" runstate="Runnable" seed="1611655313" result="Passed" start-time="2020-04-08 02:11:42Z" end-time="0001-01-01 00:00:00Z" duration="0.026311" asserts="0">
              <properties />
              <reason>
                <message><![CDATA[]]></message>
              </reason>
            </test-case>
            <test-case id="1005" name="TestEmptyIntArray" fullname="Mirror.Tests.ArraySegmentWriterTest.TestEmptyIntArray" methodname="TestEmptyIntArray" classname="Mirror.Tests.ArraySegmentWriterTest" runstate="Runnable" seed="43853294" result="Passed" start-time="2020-04-08 02:11:42Z" end-time="0001-01-01 00:00:00Z" duration="0.001537" asserts="0">
              <properties />
              <reason>
                <message><![CDATA[]]></message>
              </reason>
            </test-case>
            <test-case id="1003" name="TestNullByteArray" fullname="Mirror.Tests.ArraySegmentWriterTest.TestNullByteArray" methodname="TestNullByteArray" classname="Mirror.Tests.ArraySegmentWriterTest" runstate="Runnable" seed="2035586099" result="Passed" start-time="2020-04-08 02:11:42Z" end-time="0001-01-01 00:00:00Z" duration="0.000465" asserts="0">
              <properties />
              <reason>
                <message><![CDATA[]]></message>
              </reason>
            </test-case>
            <test-case id="1006" name="TestNullIntArray" fullname="Mirror.Tests.ArraySegmentWriterTest.TestNullIntArray" methodname="TestNullIntArray" classname="Mirror.Tests.ArraySegmentWriterTest" runstate="Runnable" seed="168437515" result="Passed" start-time="2020-04-08 02:11:42Z" end-time="0001-01-01 00:00:00Z" duration="0.000436" asserts="0">
              <properties />
              <reason>
                <message><![CDATA[]]></message>
              </reason>
            </test-case>
            <test-case id="1004" name="TestSegmentByteArray" fullname="Mirror.Tests.ArraySegmentWriterTest.TestSegmentByteArray" methodname="TestSegmentByteArray" classname="Mirror.Tests.ArraySegmentWriterTest" runstate="Runnable" seed="315847299" result="Passed" start-time="2020-04-08 02:11:42Z" end-time="0001-01-01 00:00:00Z" duration="0.002414" asserts="0">
              <properties />
              <reason>
                <message><![CDATA[]]></message>
              </reason>
            </test-case>
            <test-case id="1007" name="TestSegmentIntArray" fullname="Mirror.Tests.ArraySegmentWriterTest.TestSegmentIntArray" methodname="TestSegmentIntArray" classname="Mirror.Tests.ArraySegmentWriterTest" runstate="Runnable" seed="625164830" result="Passed" start-time="2020-04-08 02:11:42Z" end-time="0001-01-01 00:00:00Z" duration="0.001227" asserts="0">
              <properties />
              <reason>
                <message><![CDATA[]]></message>
              </reason>
            </test-case>
          </test-suite>
          <test-suite type="TestFixture" id="1008" name="ArrayWriterTest" fullname="Mirror.Tests.ArrayWriterTest" classname="Mirror.Tests.ArrayWriterTest" runstate="Runnable" testcasecount="6" result="Passed" start-time="2020-04-08 02:13:19Z" end-time="2020-04-08 02:13:19Z" duration="0.002330" total="6" passed="6" failed="0" inconclusive="0" skipped="0" asserts="0">
            <properties />
            <test-case id="1011" name="TestDataByteArray" fullname="Mirror.Tests.ArrayWriterTest.TestDataByteArray" methodname="TestDataByteArray" classname="Mirror.Tests.ArrayWriterTest" runstate="Runnable" seed="240149846" result="Passed" start-time="2020-04-08 02:11:42Z" end-time="0001-01-01 00:00:00Z" duration="0.002579" asserts="0">
              <properties />
              <reason>
                <message><![CDATA[]]></message>
              </reason>
            </test-case>
            <test-case id="1014" name="TestDataIntArray" fullname="Mirror.Tests.ArrayWriterTest.TestDataIntArray" methodname="TestDataIntArray" classname="Mirror.Tests.ArrayWriterTest" runstate="Runnable" seed="1150413766" result="Passed" start-time="2020-04-08 02:11:42Z" end-time="0001-01-01 00:00:00Z" duration="0.000758" asserts="0">
              <properties />
              <reason>
                <message><![CDATA[]]></message>
              </reason>
            </test-case>
            <test-case id="1010" name="TestEmptyByteArray" fullname="Mirror.Tests.ArrayWriterTest.TestEmptyByteArray" methodname="TestEmptyByteArray" classname="Mirror.Tests.ArrayWriterTest" runstate="Runnable" seed="2049208998" result="Passed" start-time="2020-04-08 02:11:42Z" end-time="0001-01-01 00:00:00Z" duration="0.000448" asserts="0">
              <properties />
              <reason>
                <message><![CDATA[]]></message>
              </reason>
            </test-case>
            <test-case id="1013" name="TestEmptyIntArray" fullname="Mirror.Tests.ArrayWriterTest.TestEmptyIntArray" methodname="TestEmptyIntArray" classname="Mirror.Tests.ArrayWriterTest" runstate="Runnable" seed="385916815" result="Passed" start-time="2020-04-08 02:11:42Z" end-time="0001-01-01 00:00:00Z" duration="0.000342" asserts="0">
              <properties />
              <reason>
                <message><![CDATA[]]></message>
              </reason>
            </test-case>
            <test-case id="1009" name="TestNullByterray" fullname="Mirror.Tests.ArrayWriterTest.TestNullByterray" methodname="TestNullByterray" classname="Mirror.Tests.ArrayWriterTest" runstate="Runnable" seed="682095173" result="Passed" start-time="2020-04-08 02:11:42Z" end-time="0001-01-01 00:00:00Z" duration="0.000316" asserts="0">
              <properties />
              <reason>
                <message><![CDATA[]]></message>
              </reason>
            </test-case>
            <test-case id="1012" name="TestNullIntArray" fullname="Mirror.Tests.ArrayWriterTest.TestNullIntArray" methodname="TestNullIntArray" classname="Mirror.Tests.ArrayWriterTest" runstate="Runnable" seed="804397836" result="Passed" start-time="2020-04-08 02:11:42Z" end-time="0001-01-01 00:00:00Z" duration="0.001070" asserts="0">
              <properties />
              <reason>
                <message><![CDATA[]]></message>
              </reason>
            </test-case>
          </test-suite>
          <test-suite type="TestFixture" id="1282" name="AsyncFallbackTransportTest" fullname="Mirror.Tests.AsyncFallbackTransportTest" classname="Mirror.Tests.AsyncFallbackTransportTest" runstate="Runnable" testcasecount="16" result="Passed" start-time="2020-04-08 02:13:19Z" end-time="2020-04-08 02:13:19Z" duration="0.017317" total="16" passed="16" failed="0" inconclusive="0" skipped="0" asserts="0">
            <properties />
            <test-case id="1286" name="AcceptInvalid" fullname="Mirror.Tests.AsyncFallbackTransportTest.AcceptInvalid" methodname="AcceptInvalid" classname="Mirror.Tests.AsyncFallbackTransportTest" runstate="Runnable" seed="547855252" result="Passed" start-time="2020-04-08 02:11:42Z" end-time="0001-01-01 00:00:00Z" duration="0.280244" asserts="0">
              <properties>
                <property name="_JOINTYPE" value="UnityCombinatorial" />
              </properties>
              <reason>
                <message><![CDATA[]]></message>
              </reason>
              <output><![CDATA[You are trying to create a MonoBehaviour using the 'new' keyword.  This is not allowed.  MonoBehaviours can only be added using AddComponent(). Alternatively, your script can inherit from ScriptableObject or no base class at all
You are trying to create a MonoBehaviour using the 'new' keyword.  This is not allowed.  MonoBehaviours can only be added using AddComponent(). Alternatively, your script can inherit from ScriptableObject or no base class at all
]]></output>
            </test-case>
            <test-case id="1285" name="AcceptMultiple" fullname="Mirror.Tests.AsyncFallbackTransportTest.AcceptMultiple" methodname="AcceptMultiple" classname="Mirror.Tests.AsyncFallbackTransportTest" runstate="Runnable" seed="1815143934" result="Passed" start-time="2020-04-08 02:11:43Z" end-time="0001-01-01 00:00:00Z" duration="0.019851" asserts="0">
              <properties>
                <property name="_JOINTYPE" value="UnityCombinatorial" />
              </properties>
              <reason>
                <message><![CDATA[]]></message>
              </reason>
              <output><![CDATA[You are trying to create a MonoBehaviour using the 'new' keyword.  This is not allowed.  MonoBehaviours can only be added using AddComponent(). Alternatively, your script can inherit from ScriptableObject or no base class at all
You are trying to create a MonoBehaviour using the 'new' keyword.  This is not allowed.  MonoBehaviours can only be added using AddComponent(). Alternatively, your script can inherit from ScriptableObject or no base class at all
]]></output>
            </test-case>
            <test-case id="1283" name="AcceptTransport1" fullname="Mirror.Tests.AsyncFallbackTransportTest.AcceptTransport1" methodname="AcceptTransport1" classname="Mirror.Tests.AsyncFallbackTransportTest" runstate="Runnable" seed="1869425653" result="Passed" start-time="2020-04-08 02:11:43Z" end-time="0001-01-01 00:00:00Z" duration="0.012603" asserts="0">
              <properties>
                <property name="_JOINTYPE" value="UnityCombinatorial" />
              </properties>
              <reason>
                <message><![CDATA[]]></message>
              </reason>
              <output><![CDATA[You are trying to create a MonoBehaviour using the 'new' keyword.  This is not allowed.  MonoBehaviours can only be added using AddComponent(). Alternatively, your script can inherit from ScriptableObject or no base class at all
You are trying to create a MonoBehaviour using the 'new' keyword.  This is not allowed.  MonoBehaviours can only be added using AddComponent(). Alternatively, your script can inherit from ScriptableObject or no base class at all
]]></output>
            </test-case>
            <test-case id="1284" name="AcceptTransport2" fullname="Mirror.Tests.AsyncFallbackTransportTest.AcceptTransport2" methodname="AcceptTransport2" classname="Mirror.Tests.AsyncFallbackTransportTest" runstate="Runnable" seed="1253139408" result="Passed" start-time="2020-04-08 02:11:43Z" end-time="0001-01-01 00:00:00Z" duration="0.015817" asserts="0">
              <properties>
                <property name="_JOINTYPE" value="UnityCombinatorial" />
              </properties>
              <reason>
                <message><![CDATA[]]></message>
              </reason>
              <output><![CDATA[You are trying to create a MonoBehaviour using the 'new' keyword.  This is not allowed.  MonoBehaviours can only be added using AddComponent(). Alternatively, your script can inherit from ScriptableObject or no base class at all
You are trying to create a MonoBehaviour using the 'new' keyword.  This is not allowed.  MonoBehaviours can only be added using AddComponent(). Alternatively, your script can inherit from ScriptableObject or no base class at all
]]></output>
            </test-case>
            <test-case id="1287" name="AcceptUntilAllGone" fullname="Mirror.Tests.AsyncFallbackTransportTest.AcceptUntilAllGone" methodname="AcceptUntilAllGone" classname="Mirror.Tests.AsyncFallbackTransportTest" runstate="Runnable" seed="158706837" result="Passed" start-time="2020-04-08 02:11:43Z" end-time="0001-01-01 00:00:00Z" duration="0.017820" asserts="0">
              <properties>
                <property name="_JOINTYPE" value="UnityCombinatorial" />
              </properties>
              <reason>
                <message><![CDATA[]]></message>
              </reason>
              <output><![CDATA[You are trying to create a MonoBehaviour using the 'new' keyword.  This is not allowed.  MonoBehaviours can only be added using AddComponent(). Alternatively, your script can inherit from ScriptableObject or no base class at all
You are trying to create a MonoBehaviour using the 'new' keyword.  This is not allowed.  MonoBehaviours can only be added using AddComponent(). Alternatively, your script can inherit from ScriptableObject or no base class at all
]]></output>
            </test-case>
            <test-case id="1298" name="CannotConnect" fullname="Mirror.Tests.AsyncFallbackTransportTest.CannotConnect" methodname="CannotConnect" classname="Mirror.Tests.AsyncFallbackTransportTest" runstate="Runnable" seed="688501313" result="Passed" start-time="2020-04-08 02:11:43Z" end-time="0001-01-01 00:00:00Z" duration="0.025008" asserts="0">
              <properties>
                <property name="_JOINTYPE" value="UnityCombinatorial" />
              </properties>
              <reason>
                <message><![CDATA[]]></message>
              </reason>
              <output><![CDATA[You are trying to create a MonoBehaviour using the 'new' keyword.  This is not allowed.  MonoBehaviours can only be added using AddComponent(). Alternatively, your script can inherit from ScriptableObject or no base class at all
You are trying to create a MonoBehaviour using the 'new' keyword.  This is not allowed.  MonoBehaviours can only be added using AddComponent(). Alternatively, your script can inherit from ScriptableObject or no base class at all
]]></output>
            </test-case>
            <test-case id="1297" name="Connect" fullname="Mirror.Tests.AsyncFallbackTransportTest.Connect" methodname="Connect" classname="Mirror.Tests.AsyncFallbackTransportTest" runstate="Runnable" seed="1320526387" result="Passed" start-time="2020-04-08 02:11:43Z" end-time="0001-01-01 00:00:00Z" duration="0.016246" asserts="0">
              <properties>
                <property name="_JOINTYPE" value="UnityCombinatorial" />
              </properties>
              <reason>
                <message><![CDATA[]]></message>
              </reason>
              <output><![CDATA[You are trying to create a MonoBehaviour using the 'new' keyword.  This is not allowed.  MonoBehaviours can only be added using AddComponent(). Alternatively, your script can inherit from ScriptableObject or no base class at all
You are trying to create a MonoBehaviour using the 'new' keyword.  This is not allowed.  MonoBehaviours can only be added using AddComponent(). Alternatively, your script can inherit from ScriptableObject or no base class at all
]]></output>
            </test-case>
            <test-case id="1291" name="Disconnect1" fullname="Mirror.Tests.AsyncFallbackTransportTest.Disconnect1" methodname="Disconnect1" classname="Mirror.Tests.AsyncFallbackTransportTest" runstate="Runnable" seed="1665891960" result="Passed" start-time="2020-04-08 02:11:43Z" end-time="0001-01-01 00:00:00Z" duration="0.017703" asserts="0">
              <properties />
              <reason>
                <message><![CDATA[]]></message>
              </reason>
              <output><![CDATA[You are trying to create a MonoBehaviour using the 'new' keyword.  This is not allowed.  MonoBehaviours can only be added using AddComponent(). Alternatively, your script can inherit from ScriptableObject or no base class at all
You are trying to create a MonoBehaviour using the 'new' keyword.  This is not allowed.  MonoBehaviours can only be added using AddComponent(). Alternatively, your script can inherit from ScriptableObject or no base class at all
]]></output>
            </test-case>
            <test-case id="1292" name="Disconnect2" fullname="Mirror.Tests.AsyncFallbackTransportTest.Disconnect2" methodname="Disconnect2" classname="Mirror.Tests.AsyncFallbackTransportTest" runstate="Runnable" seed="1291482703" result="Passed" start-time="2020-04-08 02:11:43Z" end-time="0001-01-01 00:00:00Z" duration="0.014888" asserts="0">
              <properties />
              <reason>
                <message><![CDATA[]]></message>
              </reason>
              <output><![CDATA[You are trying to create a MonoBehaviour using the 'new' keyword.  This is not allowed.  MonoBehaviours can only be added using AddComponent(). Alternatively, your script can inherit from ScriptableObject or no base class at all
You are trying to create a MonoBehaviour using the 'new' keyword.  This is not allowed.  MonoBehaviours can only be added using AddComponent(). Alternatively, your script can inherit from ScriptableObject or no base class at all
]]></output>
            </test-case>
            <test-case id="1293" name="DisconnectNone" fullname="Mirror.Tests.AsyncFallbackTransportTest.DisconnectNone" methodname="DisconnectNone" classname="Mirror.Tests.AsyncFallbackTransportTest" runstate="Runnable" seed="55519022" result="Passed" start-time="2020-04-08 02:11:43Z" end-time="0001-01-01 00:00:00Z" duration="0.019946" asserts="0">
              <properties />
              <reason>
                <message><![CDATA[]]></message>
              </reason>
              <output><![CDATA[You are trying to create a MonoBehaviour using the 'new' keyword.  This is not allowed.  MonoBehaviours can only be added using AddComponent(). Alternatively, your script can inherit from ScriptableObject or no base class at all
You are trying to create a MonoBehaviour using the 'new' keyword.  This is not allowed.  MonoBehaviours can only be added using AddComponent(). Alternatively, your script can inherit from ScriptableObject or no base class at all
]]></output>
            </test-case>
            <test-case id="1288" name="Listen1" fullname="Mirror.Tests.AsyncFallbackTransportTest.Listen1" methodname="Listen1" classname="Mirror.Tests.AsyncFallbackTransportTest" runstate="Runnable" seed="1580183846" result="Passed" start-time="2020-04-08 02:11:43Z" end-time="0001-01-01 00:00:00Z" duration="0.023132" asserts="0">
              <properties>
                <property name="_JOINTYPE" value="UnityCombinatorial" />
              </properties>
              <reason>
                <message><![CDATA[]]></message>
              </reason>
              <output><![CDATA[You are trying to create a MonoBehaviour using the 'new' keyword.  This is not allowed.  MonoBehaviours can only be added using AddComponent(). Alternatively, your script can inherit from ScriptableObject or no base class at all
You are trying to create a MonoBehaviour using the 'new' keyword.  This is not allowed.  MonoBehaviours can only be added using AddComponent(). Alternatively, your script can inherit from ScriptableObject or no base class at all
]]></output>
            </test-case>
            <test-case id="1289" name="Listen2" fullname="Mirror.Tests.AsyncFallbackTransportTest.Listen2" methodname="Listen2" classname="Mirror.Tests.AsyncFallbackTransportTest" runstate="Runnable" seed="190981404" result="Passed" start-time="2020-04-08 02:11:43Z" end-time="0001-01-01 00:00:00Z" duration="0.024509" asserts="0">
              <properties>
                <property name="_JOINTYPE" value="UnityCombinatorial" />
              </properties>
              <reason>
                <message><![CDATA[]]></message>
              </reason>
              <output><![CDATA[You are trying to create a MonoBehaviour using the 'new' keyword.  This is not allowed.  MonoBehaviours can only be added using AddComponent(). Alternatively, your script can inherit from ScriptableObject or no base class at all
You are trying to create a MonoBehaviour using the 'new' keyword.  This is not allowed.  MonoBehaviours can only be added using AddComponent(). Alternatively, your script can inherit from ScriptableObject or no base class at all
]]></output>
            </test-case>
            <test-case id="1290" name="ListenNone" fullname="Mirror.Tests.AsyncFallbackTransportTest.ListenNone" methodname="ListenNone" classname="Mirror.Tests.AsyncFallbackTransportTest" runstate="Runnable" seed="334729503" result="Passed" start-time="2020-04-08 02:11:43Z" end-time="0001-01-01 00:00:00Z" duration="0.019350" asserts="0">
              <properties>
                <property name="_JOINTYPE" value="UnityCombinatorial" />
              </properties>
              <reason>
                <message><![CDATA[]]></message>
              </reason>
              <output><![CDATA[You are trying to create a MonoBehaviour using the 'new' keyword.  This is not allowed.  MonoBehaviours can only be added using AddComponent(). Alternatively, your script can inherit from ScriptableObject or no base class at all
You are trying to create a MonoBehaviour using the 'new' keyword.  This is not allowed.  MonoBehaviours can only be added using AddComponent(). Alternatively, your script can inherit from ScriptableObject or no base class at all
]]></output>
            </test-case>
            <test-case id="1294" name="ServerUri1" fullname="Mirror.Tests.AsyncFallbackTransportTest.ServerUri1" methodname="ServerUri1" classname="Mirror.Tests.AsyncFallbackTransportTest" runstate="Runnable" seed="2138896470" result="Passed" start-time="2020-04-08 02:11:43Z" end-time="0001-01-01 00:00:00Z" duration="0.021858" asserts="0">
              <properties />
              <reason>
                <message><![CDATA[]]></message>
              </reason>
              <output><![CDATA[You are trying to create a MonoBehaviour using the 'new' keyword.  This is not allowed.  MonoBehaviours can only be added using AddComponent(). Alternatively, your script can inherit from ScriptableObject or no base class at all
You are trying to create a MonoBehaviour using the 'new' keyword.  This is not allowed.  MonoBehaviours can only be added using AddComponent(). Alternatively, your script can inherit from ScriptableObject or no base class at all
]]></output>
            </test-case>
            <test-case id="1295" name="ServerUri2" fullname="Mirror.Tests.AsyncFallbackTransportTest.ServerUri2" methodname="ServerUri2" classname="Mirror.Tests.AsyncFallbackTransportTest" runstate="Runnable" seed="51855962" result="Passed" start-time="2020-04-08 02:11:43Z" end-time="0001-01-01 00:00:00Z" duration="0.013028" asserts="0">
              <properties />
              <reason>
                <message><![CDATA[]]></message>
              </reason>
              <output><![CDATA[You are trying to create a MonoBehaviour using the 'new' keyword.  This is not allowed.  MonoBehaviours can only be added using AddComponent(). Alternatively, your script can inherit from ScriptableObject or no base class at all
You are trying to create a MonoBehaviour using the 'new' keyword.  This is not allowed.  MonoBehaviours can only be added using AddComponent(). Alternatively, your script can inherit from ScriptableObject or no base class at all
]]></output>
            </test-case>
            <test-case id="1296" name="ServerUriNone" fullname="Mirror.Tests.AsyncFallbackTransportTest.ServerUriNone" methodname="ServerUriNone" classname="Mirror.Tests.AsyncFallbackTransportTest" runstate="Runnable" seed="1201917554" result="Passed" start-time="2020-04-08 02:11:43Z" end-time="0001-01-01 00:00:00Z" duration="0.015358" asserts="0">
              <properties />
              <reason>
                <message><![CDATA[]]></message>
              </reason>
              <output><![CDATA[You are trying to create a MonoBehaviour using the 'new' keyword.  This is not allowed.  MonoBehaviours can only be added using AddComponent(). Alternatively, your script can inherit from ScriptableObject or no base class at all
You are trying to create a MonoBehaviour using the 'new' keyword.  This is not allowed.  MonoBehaviours can only be added using AddComponent(). Alternatively, your script can inherit from ScriptableObject or no base class at all
]]></output>
            </test-case>
          </test-suite>
          <test-suite type="TestFixture" id="1299" name="AsyncMultiplexTransportTest" fullname="Mirror.Tests.AsyncMultiplexTransportTest" classname="Mirror.Tests.AsyncMultiplexTransportTest" runstate="Runnable" testcasecount="9" result="Passed" start-time="2020-04-08 02:13:19Z" end-time="2020-04-08 02:13:19Z" duration="0.005268" total="9" passed="9" failed="0" inconclusive="0" skipped="0" asserts="0">
            <properties />
            <test-case id="1302" name="AcceptMultiple" fullname="Mirror.Tests.AsyncMultiplexTransportTest.AcceptMultiple" methodname="AcceptMultiple" classname="Mirror.Tests.AsyncMultiplexTransportTest" runstate="Runnable" seed="1485123064" result="Passed" start-time="2020-04-08 02:11:43Z" end-time="0001-01-01 00:00:00Z" duration="0.018394" asserts="0">
              <properties>
                <property name="_JOINTYPE" value="UnityCombinatorial" />
              </properties>
              <reason>
                <message><![CDATA[]]></message>
              </reason>
              <output><![CDATA[You are trying to create a MonoBehaviour using the 'new' keyword.  This is not allowed.  MonoBehaviours can only be added using AddComponent(). Alternatively, your script can inherit from ScriptableObject or no base class at all
You are trying to create a MonoBehaviour using the 'new' keyword.  This is not allowed.  MonoBehaviours can only be added using AddComponent(). Alternatively, your script can inherit from ScriptableObject or no base class at all
]]></output>
            </test-case>
            <test-case id="1300" name="AcceptTransport1" fullname="Mirror.Tests.AsyncMultiplexTransportTest.AcceptTransport1" methodname="AcceptTransport1" classname="Mirror.Tests.AsyncMultiplexTransportTest" runstate="Runnable" seed="648633176" result="Passed" start-time="2020-04-08 02:11:43Z" end-time="0001-01-01 00:00:00Z" duration="0.018203" asserts="0">
              <properties>
                <property name="_JOINTYPE" value="UnityCombinatorial" />
              </properties>
              <reason>
                <message><![CDATA[]]></message>
              </reason>
              <output><![CDATA[You are trying to create a MonoBehaviour using the 'new' keyword.  This is not allowed.  MonoBehaviours can only be added using AddComponent(). Alternatively, your script can inherit from ScriptableObject or no base class at all
You are trying to create a MonoBehaviour using the 'new' keyword.  This is not allowed.  MonoBehaviours can only be added using AddComponent(). Alternatively, your script can inherit from ScriptableObject or no base class at all
]]></output>
            </test-case>
            <test-case id="1301" name="AcceptTransport2" fullname="Mirror.Tests.AsyncMultiplexTransportTest.AcceptTransport2" methodname="AcceptTransport2" classname="Mirror.Tests.AsyncMultiplexTransportTest" runstate="Runnable" seed="1009386339" result="Passed" start-time="2020-04-08 02:11:43Z" end-time="0001-01-01 00:00:00Z" duration="0.018989" asserts="0">
              <properties>
                <property name="_JOINTYPE" value="UnityCombinatorial" />
              </properties>
              <reason>
                <message><![CDATA[]]></message>
              </reason>
              <output><![CDATA[You are trying to create a MonoBehaviour using the 'new' keyword.  This is not allowed.  MonoBehaviours can only be added using AddComponent(). Alternatively, your script can inherit from ScriptableObject or no base class at all
You are trying to create a MonoBehaviour using the 'new' keyword.  This is not allowed.  MonoBehaviours can only be added using AddComponent(). Alternatively, your script can inherit from ScriptableObject or no base class at all
]]></output>
            </test-case>
            <test-case id="1303" name="AcceptUntilAllGone" fullname="Mirror.Tests.AsyncMultiplexTransportTest.AcceptUntilAllGone" methodname="AcceptUntilAllGone" classname="Mirror.Tests.AsyncMultiplexTransportTest" runstate="Runnable" seed="1138576719" result="Passed" start-time="2020-04-08 02:11:43Z" end-time="0001-01-01 00:00:00Z" duration="0.018881" asserts="0">
              <properties>
                <property name="_JOINTYPE" value="UnityCombinatorial" />
              </properties>
              <reason>
                <message><![CDATA[]]></message>
              </reason>
              <output><![CDATA[You are trying to create a MonoBehaviour using the 'new' keyword.  This is not allowed.  MonoBehaviours can only be added using AddComponent(). Alternatively, your script can inherit from ScriptableObject or no base class at all
You are trying to create a MonoBehaviour using the 'new' keyword.  This is not allowed.  MonoBehaviours can only be added using AddComponent(). Alternatively, your script can inherit from ScriptableObject or no base class at all
]]></output>
            </test-case>
            <test-case id="1308" name="CannotConnect" fullname="Mirror.Tests.AsyncMultiplexTransportTest.CannotConnect" methodname="CannotConnect" classname="Mirror.Tests.AsyncMultiplexTransportTest" runstate="Runnable" seed="1979898652" result="Passed" start-time="2020-04-08 02:11:43Z" end-time="0001-01-01 00:00:00Z" duration="0.017737" asserts="0">
              <properties>
                <property name="_JOINTYPE" value="UnityCombinatorial" />
              </properties>
              <reason>
                <message><![CDATA[]]></message>
              </reason>
              <output><![CDATA[You are trying to create a MonoBehaviour using the 'new' keyword.  This is not allowed.  MonoBehaviours can only be added using AddComponent(). Alternatively, your script can inherit from ScriptableObject or no base class at all
You are trying to create a MonoBehaviour using the 'new' keyword.  This is not allowed.  MonoBehaviours can only be added using AddComponent(). Alternatively, your script can inherit from ScriptableObject or no base class at all
]]></output>
            </test-case>
            <test-case id="1307" name="Connect" fullname="Mirror.Tests.AsyncMultiplexTransportTest.Connect" methodname="Connect" classname="Mirror.Tests.AsyncMultiplexTransportTest" runstate="Runnable" seed="558732929" result="Passed" start-time="2020-04-08 02:11:43Z" end-time="0001-01-01 00:00:00Z" duration="0.016588" asserts="0">
              <properties>
                <property name="_JOINTYPE" value="UnityCombinatorial" />
              </properties>
              <reason>
                <message><![CDATA[]]></message>
              </reason>
              <output><![CDATA[You are trying to create a MonoBehaviour using the 'new' keyword.  This is not allowed.  MonoBehaviours can only be added using AddComponent(). Alternatively, your script can inherit from ScriptableObject or no base class at all
You are trying to create a MonoBehaviour using the 'new' keyword.  This is not allowed.  MonoBehaviours can only be added using AddComponent(). Alternatively, your script can inherit from ScriptableObject or no base class at all
]]></output>
            </test-case>
            <test-case id="1305" name="Disconnect" fullname="Mirror.Tests.AsyncMultiplexTransportTest.Disconnect" methodname="Disconnect" classname="Mirror.Tests.AsyncMultiplexTransportTest" runstate="Runnable" seed="755649319" result="Passed" start-time="2020-04-08 02:11:43Z" end-time="0001-01-01 00:00:00Z" duration="0.016872" asserts="0">
              <properties />
              <reason>
                <message><![CDATA[]]></message>
              </reason>
              <output><![CDATA[You are trying to create a MonoBehaviour using the 'new' keyword.  This is not allowed.  MonoBehaviours can only be added using AddComponent(). Alternatively, your script can inherit from ScriptableObject or no base class at all
You are trying to create a MonoBehaviour using the 'new' keyword.  This is not allowed.  MonoBehaviours can only be added using AddComponent(). Alternatively, your script can inherit from ScriptableObject or no base class at all
]]></output>
            </test-case>
            <test-case id="1304" name="Listen" fullname="Mirror.Tests.AsyncMultiplexTransportTest.Listen" methodname="Listen" classname="Mirror.Tests.AsyncMultiplexTransportTest" runstate="Runnable" seed="1659051379" result="Passed" start-time="2020-04-08 02:11:43Z" end-time="0001-01-01 00:00:00Z" duration="0.019548" asserts="0">
              <properties>
                <property name="_JOINTYPE" value="UnityCombinatorial" />
              </properties>
              <reason>
                <message><![CDATA[]]></message>
              </reason>
              <output><![CDATA[You are trying to create a MonoBehaviour using the 'new' keyword.  This is not allowed.  MonoBehaviours can only be added using AddComponent(). Alternatively, your script can inherit from ScriptableObject or no base class at all
You are trying to create a MonoBehaviour using the 'new' keyword.  This is not allowed.  MonoBehaviours can only be added using AddComponent(). Alternatively, your script can inherit from ScriptableObject or no base class at all
]]></output>
            </test-case>
            <test-case id="1306" name="ServerUri" fullname="Mirror.Tests.AsyncMultiplexTransportTest.ServerUri" methodname="ServerUri" classname="Mirror.Tests.AsyncMultiplexTransportTest" runstate="Runnable" seed="1755981231" result="Passed" start-time="2020-04-08 02:11:43Z" end-time="0001-01-01 00:00:00Z" duration="0.014450" asserts="0">
              <properties />
              <reason>
                <message><![CDATA[]]></message>
              </reason>
              <output><![CDATA[You are trying to create a MonoBehaviour using the 'new' keyword.  This is not allowed.  MonoBehaviours can only be added using AddComponent(). Alternatively, your script can inherit from ScriptableObject or no base class at all
You are trying to create a MonoBehaviour using the 'new' keyword.  This is not allowed.  MonoBehaviours can only be added using AddComponent(). Alternatively, your script can inherit from ScriptableObject or no base class at all
]]></output>
            </test-case>
          </test-suite>
          <test-suite type="TestFixture" id="1169" name="AsyncPipeConnectionTest" fullname="Mirror.Tests.AsyncPipeConnectionTest" classname="Mirror.Tests.AsyncPipeConnectionTest" runstate="Runnable" testcasecount="6" result="Passed" start-time="2020-04-08 02:13:19Z" end-time="2020-04-08 02:13:19Z" duration="0.002824" total="6" passed="6" failed="0" inconclusive="0" skipped="0" asserts="0">
            <properties />
            <test-case id="1174" name="TestAddressC1" fullname="Mirror.Tests.AsyncPipeConnectionTest.TestAddressC1" methodname="TestAddressC1" classname="Mirror.Tests.AsyncPipeConnectionTest" runstate="Runnable" seed="274078416" result="Passed" start-time="2020-04-08 02:11:43Z" end-time="0001-01-01 00:00:00Z" duration="0.002749" asserts="0">
              <properties />
              <reason>
                <message><![CDATA[]]></message>
              </reason>
            </test-case>
            <test-case id="1175" name="TestAddressC2" fullname="Mirror.Tests.AsyncPipeConnectionTest.TestAddressC2" methodname="TestAddressC2" classname="Mirror.Tests.AsyncPipeConnectionTest" runstate="Runnable" seed="1681618464" result="Passed" start-time="2020-04-08 02:11:43Z" end-time="0001-01-01 00:00:00Z" duration="0.000401" asserts="0">
              <properties />
              <reason>
                <message><![CDATA[]]></message>
              </reason>
            </test-case>
            <test-case id="1172" name="TestDisconnectC1" fullname="Mirror.Tests.AsyncPipeConnectionTest.TestDisconnectC1" methodname="TestDisconnectC1" classname="Mirror.Tests.AsyncPipeConnectionTest" runstate="Runnable" seed="1550441567" result="Passed" start-time="2020-04-08 02:11:43Z" end-time="0001-01-01 00:00:00Z" duration="0.004769" asserts="0">
              <properties>
                <property name="_JOINTYPE" value="UnityCombinatorial" />
              </properties>
              <reason>
                <message><![CDATA[]]></message>
              </reason>
            </test-case>
            <test-case id="1173" name="TestDisconnectC2" fullname="Mirror.Tests.AsyncPipeConnectionTest.TestDisconnectC2" methodname="TestDisconnectC2" classname="Mirror.Tests.AsyncPipeConnectionTest" runstate="Runnable" seed="723404691" result="Passed" start-time="2020-04-08 02:11:43Z" end-time="0001-01-01 00:00:00Z" duration="0.007508" asserts="0">
              <properties>
                <property name="_JOINTYPE" value="UnityCombinatorial" />
              </properties>
              <reason>
                <message><![CDATA[]]></message>
              </reason>
            </test-case>
            <test-case id="1170" name="TestSendAndReceive" fullname="Mirror.Tests.AsyncPipeConnectionTest.TestSendAndReceive" methodname="TestSendAndReceive" classname="Mirror.Tests.AsyncPipeConnectionTest" runstate="Runnable" seed="1919484700" result="Passed" start-time="2020-04-08 02:11:43Z" end-time="0001-01-01 00:00:00Z" duration="0.005762" asserts="0">
              <properties>
                <property name="_JOINTYPE" value="UnityCombinatorial" />
              </properties>
              <reason>
                <message><![CDATA[]]></message>
              </reason>
            </test-case>
            <test-case id="1171" name="TestSendAndReceiveMultiple" fullname="Mirror.Tests.AsyncPipeConnectionTest.TestSendAndReceiveMultiple" methodname="TestSendAndReceiveMultiple" classname="Mirror.Tests.AsyncPipeConnectionTest" runstate="Runnable" seed="503413617" result="Passed" start-time="2020-04-08 02:11:43Z" end-time="0001-01-01 00:00:00Z" duration="0.007493" asserts="0">
              <properties>
                <property name="_JOINTYPE" value="UnityCombinatorial" />
              </properties>
              <reason>
                <message><![CDATA[]]></message>
              </reason>
            </test-case>
          </test-suite>
          <test-suite type="GenericFixture" id="1318" name="AsyncTransportTests&lt;T&gt;" fullname="Mirror.Tests.AsyncTransportTests&lt;T&gt;" runstate="Runnable" testcasecount="8" result="Passed" start-time="2020-04-08 02:13:19Z" end-time="2020-04-08 02:13:19Z" duration="0.015090" total="8" passed="8" failed="0" inconclusive="0" skipped="0" asserts="0">
            <properties />
            <test-suite type="TestFixture" id="1309" name="AsyncTransportTests&lt;AsyncTcpTransport&gt;(&quot;tcp4://localhost&quot;,7777)" fullname="Mirror.Tests.AsyncTransportTests&lt;AsyncTcpTransport&gt;(&quot;tcp4://localhost&quot;,7777)" classname="Mirror.Tests.AsyncTransportTests`1" runstate="Runnable" testcasecount="8" result="Passed" start-time="2020-04-08 02:13:19Z" end-time="2020-04-08 02:13:19Z" duration="0.004355" total="8" passed="8" failed="0" inconclusive="0" skipped="0" asserts="0">
              <properties />
              <test-case id="1312" name="ClientToServerMultipleTest" fullname="Mirror.Tests.AsyncTransportTests&lt;AsyncTcpTransport&gt;(&quot;tcp4://localhost&quot;,7777).ClientToServerMultipleTest" methodname="ClientToServerMultipleTest" classname="Mirror.Tests.AsyncTransportTests`1" runstate="Runnable" seed="1072772592" result="Passed" start-time="2020-04-08 02:11:43Z" end-time="0001-01-01 00:00:00Z" duration="0.087791" asserts="0">
                <properties>
                  <property name="_JOINTYPE" value="UnityCombinatorial" />
                </properties>
                <reason>
                  <message><![CDATA[]]></message>
                </reason>
              </test-case>
              <test-case id="1310" name="ClientToServerTest" fullname="Mirror.Tests.AsyncTransportTests&lt;AsyncTcpTransport&gt;(&quot;tcp4://localhost&quot;,7777).ClientToServerTest" methodname="ClientToServerTest" classname="Mirror.Tests.AsyncTransportTests`1" runstate="Runnable" seed="1375810801" result="Passed" start-time="2020-04-08 02:11:43Z" end-time="0001-01-01 00:00:00Z" duration="0.007345" asserts="0">
                <properties>
                  <property name="_JOINTYPE" value="UnityCombinatorial" />
                </properties>
                <reason>
                  <message><![CDATA[]]></message>
                </reason>
              </test-case>
              <test-case id="1315" name="DisconnectClientTest" fullname="Mirror.Tests.AsyncTransportTests&lt;AsyncTcpTransport&gt;(&quot;tcp4://localhost&quot;,7777).DisconnectClientTest" methodname="DisconnectClientTest" classname="Mirror.Tests.AsyncTransportTests`1" runstate="Runnable" seed="1121276225" result="Passed" start-time="2020-04-08 02:11:43Z" end-time="0001-01-01 00:00:00Z" duration="0.010232" asserts="0">
                <properties>
                  <property name="_JOINTYPE" value="UnityCombinatorial" />
                </properties>
                <reason>
                  <message><![CDATA[]]></message>
                </reason>
              </test-case>
              <test-case id="1316" name="DisconnectClientTest2" fullname="Mirror.Tests.AsyncTransportTests&lt;AsyncTcpTransport&gt;(&quot;tcp4://localhost&quot;,7777).DisconnectClientTest2" methodname="DisconnectClientTest2" classname="Mirror.Tests.AsyncTransportTests`1" runstate="Runnable" seed="975081487" result="Passed" start-time="2020-04-08 02:11:43Z" end-time="0001-01-01 00:00:00Z" duration="0.009752" asserts="0">
                <properties>
                  <property name="_JOINTYPE" value="UnityCombinatorial" />
                </properties>
                <reason>
                  <message><![CDATA[]]></message>
                </reason>
              </test-case>
              <test-case id="1314" name="DisconnectServerTest" fullname="Mirror.Tests.AsyncTransportTests&lt;AsyncTcpTransport&gt;(&quot;tcp4://localhost&quot;,7777).DisconnectServerTest" methodname="DisconnectServerTest" classname="Mirror.Tests.AsyncTransportTests`1" runstate="Runnable" seed="322823178" result="Passed" start-time="2020-04-08 02:11:43Z" end-time="0001-01-01 00:00:00Z" duration="0.007477" asserts="0">
                <properties>
                  <property name="_JOINTYPE" value="UnityCombinatorial" />
                </properties>
                <reason>
                  <message><![CDATA[]]></message>
                </reason>
              </test-case>
              <test-case id="1311" name="EndpointAddress" fullname="Mirror.Tests.AsyncTransportTests&lt;AsyncTcpTransport&gt;(&quot;tcp4://localhost&quot;,7777).EndpointAddress" methodname="EndpointAddress" classname="Mirror.Tests.AsyncTransportTests`1" runstate="Runnable" seed="317118159" result="Passed" start-time="2020-04-08 02:11:43Z" end-time="0001-01-01 00:00:00Z" duration="0.007394" asserts="0">
                <properties>
                  <property name="_JOINTYPE" value="UnityCombinatorial" />
                </properties>
                <reason>
                  <message><![CDATA[]]></message>
                </reason>
              </test-case>
              <test-case id="1313" name="ServerToClientTest" fullname="Mirror.Tests.AsyncTransportTests&lt;AsyncTcpTransport&gt;(&quot;tcp4://localhost&quot;,7777).ServerToClientTest" methodname="ServerToClientTest" classname="Mirror.Tests.AsyncTransportTests`1" runstate="Runnable" seed="1980206487" result="Passed" start-time="2020-04-08 02:11:43Z" end-time="0001-01-01 00:00:00Z" duration="0.007311" asserts="0">
                <properties>
                  <property name="_JOINTYPE" value="UnityCombinatorial" />
                </properties>
                <reason>
                  <message><![CDATA[]]></message>
                </reason>
              </test-case>
              <test-case id="1317" name="TestServerUri" fullname="Mirror.Tests.AsyncTransportTests&lt;AsyncTcpTransport&gt;(&quot;tcp4://localhost&quot;,7777).TestServerUri" methodname="TestServerUri" classname="Mirror.Tests.AsyncTransportTests`1" runstate="Runnable" seed="2085830230" result="Passed" start-time="2020-04-08 02:11:43Z" end-time="0001-01-01 00:00:00Z" duration="0.004961" asserts="0">
                <properties />
                <reason>
                  <message><![CDATA[]]></message>
                </reason>
              </test-case>
            </test-suite>
          </test-suite>
          <test-suite type="TestFixture" id="1015" name="BasicAuthenticatorTest" fullname="Mirror.Tests.BasicAuthenticatorTest" classname="Mirror.Tests.BasicAuthenticatorTest" runstate="Runnable" testcasecount="2" result="Passed" start-time="2020-04-08 02:13:19Z" end-time="2020-04-08 02:13:19Z" duration="0.000888" total="2" passed="2" failed="0" inconclusive="0" skipped="0" asserts="0">
            <properties />
            <test-case id="1016" name="AuthRequestMessageTest" fullname="Mirror.Tests.BasicAuthenticatorTest.AuthRequestMessageTest" methodname="AuthRequestMessageTest" classname="Mirror.Tests.BasicAuthenticatorTest" runstate="Runnable" seed="323401843" result="Passed" start-time="2020-04-08 02:11:43Z" end-time="0001-01-01 00:00:00Z" duration="0.001060" asserts="0">
              <properties />
              <reason>
                <message><![CDATA[]]></message>
              </reason>
            </test-case>
            <test-case id="1017" name="AuthResponseMessageTest" fullname="Mirror.Tests.BasicAuthenticatorTest.AuthResponseMessageTest" methodname="AuthResponseMessageTest" classname="Mirror.Tests.BasicAuthenticatorTest" runstate="Runnable" seed="1361557268" result="Passed" start-time="2020-04-08 02:11:43Z" end-time="0001-01-01 00:00:00Z" duration="0.000791" asserts="0">
              <properties />
              <reason>
                <message><![CDATA[]]></message>
              </reason>
            </test-case>
          </test-suite>
          <test-suite type="TestFixture" id="1018" name="CustomAttrributeTest" fullname="Mirror.Tests.CustomAttrributeTest" classname="Mirror.Tests.CustomAttrributeTest" runstate="Runnable" testcasecount="5" result="Passed" start-time="2020-04-08 02:13:19Z" end-time="2020-04-08 02:13:19Z" duration="0.001776" total="5" passed="5" failed="0" inconclusive="0" skipped="0" asserts="0">
            <properties />
            <test-case id="1021" name="ClientRPCAttributeTest" fullname="Mirror.Tests.CustomAttrributeTest.ClientRPCAttributeTest" methodname="ClientRPCAttributeTest" classname="Mirror.Tests.CustomAttrributeTest" runstate="Runnable" seed="924757690" result="Passed" start-time="2020-04-08 02:11:43Z" end-time="0001-01-01 00:00:00Z" duration="0.000349" asserts="0">
              <properties />
              <reason>
                <message><![CDATA[]]></message>
              </reason>
            </test-case>
            <test-case id="1020" name="CommandAttributeTest" fullname="Mirror.Tests.CustomAttrributeTest.CommandAttributeTest" methodname="CommandAttributeTest" classname="Mirror.Tests.CustomAttrributeTest" runstate="Runnable" seed="723490471" result="Passed" start-time="2020-04-08 02:11:43Z" end-time="0001-01-01 00:00:00Z" duration="0.000356" asserts="0">
              <properties />
              <reason>
                <message><![CDATA[]]></message>
              </reason>
            </test-case>
            <test-case id="1023" name="SyncEventAttributeTest" fullname="Mirror.Tests.CustomAttrributeTest.SyncEventAttributeTest" methodname="SyncEventAttributeTest" classname="Mirror.Tests.CustomAttrributeTest" runstate="Runnable" seed="558852006" result="Passed" start-time="2020-04-08 02:11:43Z" end-time="0001-01-01 00:00:00Z" duration="0.000328" asserts="0">
              <properties />
              <reason>
                <message><![CDATA[]]></message>
              </reason>
            </test-case>
            <test-case id="1019" name="SyncVarAttributeTest" fullname="Mirror.Tests.CustomAttrributeTest.SyncVarAttributeTest" methodname="SyncVarAttributeTest" classname="Mirror.Tests.CustomAttrributeTest" runstate="Runnable" seed="736927485" result="Passed" start-time="2020-04-08 02:11:43Z" end-time="0001-01-01 00:00:00Z" duration="0.000450" asserts="0">
              <properties />
              <reason>
                <message><![CDATA[]]></message>
              </reason>
            </test-case>
            <test-case id="1022" name="TargetRPCAttributeTest" fullname="Mirror.Tests.CustomAttrributeTest.TargetRPCAttributeTest" methodname="TargetRPCAttributeTest" classname="Mirror.Tests.CustomAttrributeTest" runstate="Runnable" seed="661027466" result="Passed" start-time="2020-04-08 02:11:43Z" end-time="0001-01-01 00:00:00Z" duration="0.000312" asserts="0">
              <properties />
              <reason>
                <message><![CDATA[]]></message>
              </reason>
            </test-case>
          </test-suite>
          <test-suite type="TestFixture" id="1024" name="CustomRWTest" fullname="Mirror.Tests.CustomRWTest" classname="Mirror.Tests.CustomRWTest" runstate="Runnable" testcasecount="1" result="Passed" start-time="2020-04-08 02:13:19Z" end-time="2020-04-08 02:13:19Z" duration="0.000493" total="1" passed="1" failed="0" inconclusive="0" skipped="0" asserts="0">
            <properties />
            <test-case id="1025" name="TestCustomRW" fullname="Mirror.Tests.CustomRWTest.TestCustomRW" methodname="TestCustomRW" classname="Mirror.Tests.CustomRWTest" runstate="Runnable" seed="420512007" result="Passed" start-time="2020-04-08 02:11:43Z" end-time="0001-01-01 00:00:00Z" duration="0.000843" asserts="0">
              <properties />
              <reason>
                <message><![CDATA[]]></message>
              </reason>
            </test-case>
          </test-suite>
          <test-suite type="TestFixture" id="1026" name="ExponentialMovingAverageTest" fullname="Mirror.Tests.ExponentialMovingAverageTest" classname="Mirror.Tests.ExponentialMovingAverageTest" runstate="Runnable" testcasecount="3" result="Passed" start-time="2020-04-08 02:13:19Z" end-time="2020-04-08 02:13:19Z" duration="0.001120" total="3" passed="3" failed="0" inconclusive="0" skipped="0" asserts="0">
            <properties />
            <test-case id="1027" name="TestInitial" fullname="Mirror.Tests.ExponentialMovingAverageTest.TestInitial" methodname="TestInitial" classname="Mirror.Tests.ExponentialMovingAverageTest" runstate="Runnable" seed="2065281074" result="Passed" start-time="2020-04-08 02:11:43Z" end-time="0001-01-01 00:00:00Z" duration="0.001348" asserts="0">
              <properties />
              <reason>
                <message><![CDATA[]]></message>
              </reason>
            </test-case>
            <test-case id="1028" name="TestMovingAverage" fullname="Mirror.Tests.ExponentialMovingAverageTest.TestMovingAverage" methodname="TestMovingAverage" classname="Mirror.Tests.ExponentialMovingAverageTest" runstate="Runnable" seed="788542206" result="Passed" start-time="2020-04-08 02:11:43Z" end-time="0001-01-01 00:00:00Z" duration="0.000675" asserts="0">
              <properties />
              <reason>
                <message><![CDATA[]]></message>
              </reason>
            </test-case>
            <test-case id="1029" name="TestVar" fullname="Mirror.Tests.ExponentialMovingAverageTest.TestVar" methodname="TestVar" classname="Mirror.Tests.ExponentialMovingAverageTest" runstate="Runnable" seed="26618243" result="Passed" start-time="2020-04-08 02:11:43Z" end-time="0001-01-01 00:00:00Z" duration="0.000409" asserts="0">
              <properties />
              <reason>
                <message><![CDATA[]]></message>
              </reason>
            </test-case>
          </test-suite>
          <test-suite type="TestFixture" id="1030" name="LogFactoryTests" fullname="Mirror.Tests.LogFactoryTests" classname="Mirror.Tests.LogFactoryTests" runstate="Runnable" testcasecount="4" result="Passed" start-time="2020-04-08 02:13:19Z" end-time="2020-04-08 02:13:19Z" duration="0.001418" total="4" passed="4" failed="0" inconclusive="0" skipped="0" asserts="0">
            <properties />
            <test-case id="1032" name="DifferentClassDifferentLogger" fullname="Mirror.Tests.LogFactoryTests.DifferentClassDifferentLogger" methodname="DifferentClassDifferentLogger" classname="Mirror.Tests.LogFactoryTests" runstate="Runnable" seed="418209376" result="Passed" start-time="2020-04-08 02:11:43Z" end-time="0001-01-01 00:00:00Z" duration="0.000900" asserts="0">
              <properties />
              <reason>
                <message><![CDATA[]]></message>
              </reason>
            </test-case>
            <test-case id="1034" name="LogDebugFull" fullname="Mirror.Tests.LogFactoryTests.LogDebugFull" methodname="LogDebugFull" classname="Mirror.Tests.LogFactoryTests" runstate="Runnable" seed="299254091" result="Passed" start-time="2020-04-08 02:11:43Z" end-time="0001-01-01 00:00:00Z" duration="0.006751" asserts="0">
              <properties />
              <reason>
                <message><![CDATA[]]></message>
              </reason>
            </test-case>
            <test-case id="1033" name="LogDebugIgnore" fullname="Mirror.Tests.LogFactoryTests.LogDebugIgnore" methodname="LogDebugIgnore" classname="Mirror.Tests.LogFactoryTests" runstate="Runnable" seed="103026972" result="Passed" start-time="2020-04-08 02:11:43Z" end-time="0001-01-01 00:00:00Z" duration="0.001031" asserts="0">
              <properties />
              <reason>
                <message><![CDATA[]]></message>
              </reason>
            </test-case>
            <test-case id="1031" name="SameClassSameLogger" fullname="Mirror.Tests.LogFactoryTests.SameClassSameLogger" methodname="SameClassSameLogger" classname="Mirror.Tests.LogFactoryTests" runstate="Runnable" seed="1896699281" result="Passed" start-time="2020-04-08 02:11:43Z" end-time="0001-01-01 00:00:00Z" duration="0.000418" asserts="0">
              <properties />
              <reason>
                <message><![CDATA[]]></message>
              </reason>
            </test-case>
          </test-suite>
          <test-suite type="TestFixture" id="1035" name="MessageBaseTests" fullname="Mirror.Tests.MessageBaseTests" classname="Mirror.Tests.MessageBaseTests" runstate="Runnable" testcasecount="2" result="Passed" start-time="2020-04-08 02:13:19Z" end-time="2020-04-08 02:13:19Z" duration="0.000919" total="2" passed="2" failed="0" inconclusive="0" skipped="0" asserts="0">
            <properties />
            <test-case id="1036" name="Roundtrip" fullname="Mirror.Tests.MessageBaseTests.Roundtrip" methodname="Roundtrip" classname="Mirror.Tests.MessageBaseTests" runstate="Runnable" seed="1230156824" result="Passed" start-time="2020-04-08 02:11:43Z" end-time="0001-01-01 00:00:00Z" duration="0.001739" asserts="0">
              <properties />
              <reason>
                <message><![CDATA[]]></message>
              </reason>
            </test-case>
            <test-case id="1037" name="WovenSerializationBodyRoundtrip" fullname="Mirror.Tests.MessageBaseTests.WovenSerializationBodyRoundtrip" methodname="WovenSerializationBodyRoundtrip" classname="Mirror.Tests.MessageBaseTests" runstate="Runnable" seed="102578345" result="Passed" start-time="2020-04-08 02:11:43Z" end-time="0001-01-01 00:00:00Z" duration="0.001129" asserts="0">
              <properties />
              <reason>
                <message><![CDATA[]]></message>
              </reason>
            </test-case>
          </test-suite>
          <test-suite type="TestFixture" id="1038" name="MessageInheritanceTests" fullname="Mirror.Tests.MessageInheritanceTests" classname="Mirror.Tests.MessageInheritanceTests" runstate="Runnable" testcasecount="1" result="Passed" start-time="2020-04-08 02:13:19Z" end-time="2020-04-08 02:13:19Z" duration="0.000454" total="1" passed="1" failed="0" inconclusive="0" skipped="0" asserts="0">
            <properties />
            <test-case id="1039" name="Roundtrip" fullname="Mirror.Tests.MessageInheritanceTests.Roundtrip" methodname="Roundtrip" classname="Mirror.Tests.MessageInheritanceTests" runstate="Runnable" seed="843422182" result="Passed" start-time="2020-04-08 02:11:43Z" end-time="0001-01-01 00:00:00Z" duration="0.002972" asserts="0">
              <properties />
              <reason>
                <message><![CDATA[]]></message>
              </reason>
            </test-case>
          </test-suite>
          <test-suite type="TestFixture" id="1040" name="MessagePackerTest" fullname="Mirror.Tests.MessagePackerTest" classname="Mirror.Tests.MessagePackerTest" runstate="Runnable" testcasecount="5" result="Passed" start-time="2020-04-08 02:13:19Z" end-time="2020-04-08 02:13:19Z" duration="0.001853" total="5" passed="5" failed="0" inconclusive="0" skipped="0" asserts="0">
            <properties />
            <test-case id="1041" name="TestPacking" fullname="Mirror.Tests.MessagePackerTest.TestPacking" methodname="TestPacking" classname="Mirror.Tests.MessagePackerTest" runstate="Runnable" seed="1469676882" result="Passed" start-time="2020-04-08 02:11:44Z" end-time="0001-01-01 00:00:00Z" duration="0.001410" asserts="0">
              <properties />
              <reason>
                <message><![CDATA[]]></message>
              </reason>
            </test-case>
            <test-case id="1043" name="TestUnpackIdMismatch" fullname="Mirror.Tests.MessagePackerTest.TestUnpackIdMismatch" methodname="TestUnpackIdMismatch" classname="Mirror.Tests.MessagePackerTest" runstate="Runnable" seed="404554979" result="Passed" start-time="2020-04-08 02:11:44Z" end-time="0001-01-01 00:00:00Z" duration="0.000543" asserts="0">
              <properties />
              <reason>
                <message><![CDATA[]]></message>
              </reason>
            </test-case>
            <test-case id="1044" name="TestUnpackMessageNonGeneric" fullname="Mirror.Tests.MessagePackerTest.TestUnpackMessageNonGeneric" methodname="TestUnpackMessageNonGeneric" classname="Mirror.Tests.MessagePackerTest" runstate="Runnable" seed="1731779387" result="Passed" start-time="2020-04-08 02:11:44Z" end-time="0001-01-01 00:00:00Z" duration="0.000661" asserts="0">
              <properties />
              <reason>
                <message><![CDATA[]]></message>
              </reason>
            </test-case>
            <test-case id="1045" name="UnpackInvalidMessage" fullname="Mirror.Tests.MessagePackerTest.UnpackInvalidMessage" methodname="UnpackInvalidMessage" classname="Mirror.Tests.MessagePackerTest" runstate="Runnable" seed="1482938012" result="Passed" start-time="2020-04-08 02:11:44Z" end-time="0001-01-01 00:00:00Z" duration="0.001027" asserts="0">
              <properties />
              <reason>
                <message><![CDATA[]]></message>
              </reason>
            </test-case>
            <test-case id="1042" name="UnpackWrongMessage" fullname="Mirror.Tests.MessagePackerTest.UnpackWrongMessage" methodname="UnpackWrongMessage" classname="Mirror.Tests.MessagePackerTest" runstate="Runnable" seed="1689690353" result="Passed" start-time="2020-04-08 02:11:44Z" end-time="0001-01-01 00:00:00Z" duration="0.000971" asserts="0">
              <properties />
              <reason>
                <message><![CDATA[]]></message>
              </reason>
            </test-case>
          </test-suite>
          <test-suite type="TestFixture" id="1046" name="MessageTests" fullname="Mirror.Tests.MessageTests" classname="Mirror.Tests.MessageTests" runstate="Runnable" testcasecount="15" result="Passed" start-time="2020-04-08 02:13:19Z" end-time="2020-04-08 02:13:19Z" duration="0.006682" total="15" passed="15" failed="0" inconclusive="0" skipped="0" asserts="0">
            <properties />
            <test-case id="1056" name="AddPlayerMessageTest" fullname="Mirror.Tests.MessageTests.AddPlayerMessageTest" methodname="AddPlayerMessageTest" classname="Mirror.Tests.MessageTests" runstate="Runnable" seed="290971381" result="Passed" start-time="2020-04-08 02:11:44Z" end-time="0001-01-01 00:00:00Z" duration="0.001101" asserts="0">
              <properties />
              <reason>
                <message><![CDATA[]]></message>
              </reason>
            </test-case>
            <test-case id="1047" name="CommandMessageTest" fullname="Mirror.Tests.MessageTests.CommandMessageTest" methodname="CommandMessageTest" classname="Mirror.Tests.MessageTests" runstate="Runnable" seed="536070239" result="Passed" start-time="2020-04-08 02:11:44Z" end-time="0001-01-01 00:00:00Z" duration="0.002776" asserts="0">
              <properties />
              <reason>
                <message><![CDATA[]]></message>
              </reason>
            </test-case>
            <test-case id="1048" name="NetworkPingMessageTest" fullname="Mirror.Tests.MessageTests.NetworkPingMessageTest" methodname="NetworkPingMessageTest" classname="Mirror.Tests.MessageTests" runstate="Runnable" seed="598906662" result="Passed" start-time="2020-04-08 02:11:44Z" end-time="0001-01-01 00:00:00Z" duration="0.001713" asserts="0">
              <properties />
              <reason>
                <message><![CDATA[]]></message>
              </reason>
            </test-case>
            <test-case id="1049" name="NetworkPongMessageTest" fullname="Mirror.Tests.MessageTests.NetworkPongMessageTest" methodname="NetworkPongMessageTest" classname="Mirror.Tests.MessageTests" runstate="Runnable" seed="1014237751" result="Passed" start-time="2020-04-08 02:11:44Z" end-time="0001-01-01 00:00:00Z" duration="0.001825" asserts="0">
              <properties />
              <reason>
                <message><![CDATA[]]></message>
              </reason>
            </test-case>
            <test-case id="1050" name="NotReadyMessageTest" fullname="Mirror.Tests.MessageTests.NotReadyMessageTest" methodname="NotReadyMessageTest" classname="Mirror.Tests.MessageTests" runstate="Runnable" seed="1736642146" result="Passed" start-time="2020-04-08 02:11:44Z" end-time="0001-01-01 00:00:00Z" duration="0.001324" asserts="0">
              <properties />
              <reason>
                <message><![CDATA[]]></message>
              </reason>
            </test-case>
            <test-case id="1051" name="ObjectDestroyMessageTest" fullname="Mirror.Tests.MessageTests.ObjectDestroyMessageTest" methodname="ObjectDestroyMessageTest" classname="Mirror.Tests.MessageTests" runstate="Runnable" seed="615271278" result="Passed" start-time="2020-04-08 02:11:44Z" end-time="0001-01-01 00:00:00Z" duration="0.001280" asserts="0">
              <properties />
              <reason>
                <message><![CDATA[]]></message>
              </reason>
            </test-case>
            <test-case id="1052" name="ObjectHideMessageTest" fullname="Mirror.Tests.MessageTests.ObjectHideMessageTest" methodname="ObjectHideMessageTest" classname="Mirror.Tests.MessageTests" runstate="Runnable" seed="1693277610" result="Passed" start-time="2020-04-08 02:11:44Z" end-time="0001-01-01 00:00:00Z" duration="0.001507" asserts="0">
              <properties />
              <reason>
                <message><![CDATA[]]></message>
              </reason>
            </test-case>
            <test-case id="1053" name="ObjectSpawnFinishedMessageTest" fullname="Mirror.Tests.MessageTests.ObjectSpawnFinishedMessageTest" methodname="ObjectSpawnFinishedMessageTest" classname="Mirror.Tests.MessageTests" runstate="Runnable" seed="508128040" result="Passed" start-time="2020-04-08 02:11:44Z" end-time="0001-01-01 00:00:00Z" duration="0.001252" asserts="0">
              <properties />
              <reason>
                <message><![CDATA[]]></message>
              </reason>
            </test-case>
            <test-case id="1054" name="ObjectSpawnStartedMessageTest" fullname="Mirror.Tests.MessageTests.ObjectSpawnStartedMessageTest" methodname="ObjectSpawnStartedMessageTest" classname="Mirror.Tests.MessageTests" runstate="Runnable" seed="2120415812" result="Passed" start-time="2020-04-08 02:11:44Z" end-time="0001-01-01 00:00:00Z" duration="0.001389" asserts="0">
              <properties />
              <reason>
                <message><![CDATA[]]></message>
              </reason>
            </test-case>
            <test-case id="1055" name="ReadyMessageTest" fullname="Mirror.Tests.MessageTests.ReadyMessageTest" methodname="ReadyMessageTest" classname="Mirror.Tests.MessageTests" runstate="Runnable" seed="1454294658" result="Passed" start-time="2020-04-08 02:11:44Z" end-time="0001-01-01 00:00:00Z" duration="0.000991" asserts="0">
              <properties />
              <reason>
                <message><![CDATA[]]></message>
              </reason>
            </test-case>
            <test-case id="1057" name="RemovePlayerMessageTest" fullname="Mirror.Tests.MessageTests.RemovePlayerMessageTest" methodname="RemovePlayerMessageTest" classname="Mirror.Tests.MessageTests" runstate="Runnable" seed="688153140" result="Passed" start-time="2020-04-08 02:11:44Z" end-time="0001-01-01 00:00:00Z" duration="0.001281" asserts="0">
              <properties />
              <reason>
                <message><![CDATA[]]></message>
              </reason>
            </test-case>
            <test-case id="1058" name="RpcMessageTest" fullname="Mirror.Tests.MessageTests.RpcMessageTest" methodname="RpcMessageTest" classname="Mirror.Tests.MessageTests" runstate="Runnable" seed="1070440719" result="Passed" start-time="2020-04-08 02:11:44Z" end-time="0001-01-01 00:00:00Z" duration="0.001562" asserts="0">
              <properties />
              <reason>
                <message><![CDATA[]]></message>
              </reason>
            </test-case>
            <test-case id="1059" name="SpawnMessageTest" fullname="Mirror.Tests.MessageTests.SpawnMessageTest" methodname="SpawnMessageTest" classname="Mirror.Tests.MessageTests" runstate="Runnable" seed="489878924" result="Passed" start-time="2020-04-08 02:11:44Z" end-time="0001-01-01 00:00:00Z" duration="0.010852" asserts="0">
              <properties />
              <reason>
                <message><![CDATA[]]></message>
              </reason>
            </test-case>
            <test-case id="1060" name="SyncEventMessageTest" fullname="Mirror.Tests.MessageTests.SyncEventMessageTest" methodname="SyncEventMessageTest" classname="Mirror.Tests.MessageTests" runstate="Runnable" seed="1345493064" result="Passed" start-time="2020-04-08 02:11:44Z" end-time="0001-01-01 00:00:00Z" duration="0.001300" asserts="0">
              <properties />
              <reason>
                <message><![CDATA[]]></message>
              </reason>
            </test-case>
            <test-case id="1061" name="UpdateVarsMessageTest" fullname="Mirror.Tests.MessageTests.UpdateVarsMessageTest" methodname="UpdateVarsMessageTest" classname="Mirror.Tests.MessageTests" runstate="Runnable" seed="899382384" result="Passed" start-time="2020-04-08 02:11:44Z" end-time="0001-01-01 00:00:00Z" duration="0.001696" asserts="0">
              <properties />
              <reason>
                <message><![CDATA[]]></message>
              </reason>
            </test-case>
          </test-suite>
          <test-suite type="TestFixture" id="1062" name="NetworkDiagnosticsTests" fullname="Mirror.Tests.NetworkDiagnosticsTests" classname="Mirror.Tests.NetworkDiagnosticsTests" runstate="Runnable" testcasecount="3" result="Passed" start-time="2020-04-08 02:13:19Z" end-time="2020-04-08 02:13:19Z" duration="0.001136" total="3" passed="3" failed="0" inconclusive="0" skipped="0" asserts="0">
            <properties>
              <property name="Category" value="NetworkDiagnostics" />
            </properties>
            <test-case id="1065" name="TestOnReceiveEvent" fullname="Mirror.Tests.NetworkDiagnosticsTests.TestOnReceiveEvent" methodname="TestOnReceiveEvent" classname="Mirror.Tests.NetworkDiagnosticsTests" runstate="Runnable" seed="505317349" result="Passed" start-time="2020-04-08 02:11:44Z" end-time="0001-01-01 00:00:00Z" duration="0.016417" asserts="0">
              <properties />
              <reason>
                <message><![CDATA[]]></message>
              </reason>
            </test-case>
            <test-case id="1063" name="TestOnSendEvent" fullname="Mirror.Tests.NetworkDiagnosticsTests.TestOnSendEvent" methodname="TestOnSendEvent" classname="Mirror.Tests.NetworkDiagnosticsTests" runstate="Runnable" seed="1242322905" result="Passed" start-time="2020-04-08 02:11:44Z" end-time="0001-01-01 00:00:00Z" duration="0.003055" asserts="0">
              <properties />
              <reason>
                <message><![CDATA[]]></message>
              </reason>
            </test-case>
            <test-case id="1064" name="TestOnSendZeroCountEvent" fullname="Mirror.Tests.NetworkDiagnosticsTests.TestOnSendZeroCountEvent" methodname="TestOnSendZeroCountEvent" classname="Mirror.Tests.NetworkDiagnosticsTests" runstate="Runnable" seed="244569738" result="Passed" start-time="2020-04-08 02:11:44Z" end-time="0001-01-01 00:00:00Z" duration="0.000571" asserts="0">
              <properties />
              <reason>
                <message><![CDATA[]]></message>
              </reason>
            </test-case>
          </test-suite>
          <test-suite type="TestFixture" id="1066" name="NetworkIdentityTests" fullname="Mirror.Tests.NetworkIdentityTests" classname="Mirror.Tests.NetworkIdentityTests" runstate="Runnable" testcasecount="29" result="Passed" start-time="2020-04-08 02:13:19Z" end-time="2020-04-08 02:13:19Z" duration="0.018082" total="29" passed="29" failed="0" inconclusive="0" skipped="0" asserts="0">
            <properties />
            <test-case id="1093" name="AddAllReadyServerConnectionsToObservers" fullname="Mirror.Tests.NetworkIdentityTests.AddAllReadyServerConnectionsToObservers" methodname="AddAllReadyServerConnectionsToObservers" classname="Mirror.Tests.NetworkIdentityTests" runstate="Runnable" seed="1179617882" result="Passed" start-time="2020-04-08 02:11:44Z" end-time="0001-01-01 00:00:00Z" duration="0.036013" asserts="0">
              <properties />
              <reason>
                <message><![CDATA[]]></message>
              </reason>
            </test-case>
            <test-case id="1087" name="AddObserver" fullname="Mirror.Tests.NetworkIdentityTests.AddObserver" methodname="AddObserver" classname="Mirror.Tests.NetworkIdentityTests" runstate="Runnable" seed="545682639" result="Passed" start-time="2020-04-08 02:11:44Z" end-time="0001-01-01 00:00:00Z" duration="0.010532" asserts="0">
              <properties />
              <reason>
                <message><![CDATA[]]></message>
              </reason>
              <output><![CDATA[
IgnoreFailingMessages:true
AddObserver for New Game Object (UnityEngine.GameObject) observer list is null

IgnoreFailingMessages:false
]]></output>
            </test-case>
            <test-case id="1072" name="AssignSceneID" fullname="Mirror.Tests.NetworkIdentityTests.AssignSceneID" methodname="AssignSceneID" classname="Mirror.Tests.NetworkIdentityTests" runstate="Runnable" seed="615510585" result="Passed" start-time="2020-04-08 02:11:44Z" end-time="0001-01-01 00:00:00Z" duration="0.001839" asserts="0">
              <properties />
              <reason>
                <message><![CDATA[]]></message>
              </reason>
            </test-case>
            <test-case id="1088" name="ClearObservers" fullname="Mirror.Tests.NetworkIdentityTests.ClearObservers" methodname="ClearObservers" classname="Mirror.Tests.NetworkIdentityTests" runstate="Runnable" seed="1902507782" result="Passed" start-time="2020-04-08 02:11:44Z" end-time="0001-01-01 00:00:00Z" duration="0.001469" asserts="0">
              <properties />
              <reason>
                <message><![CDATA[]]></message>
              </reason>
            </test-case>
            <test-case id="1090" name="GetNewObservers" fullname="Mirror.Tests.NetworkIdentityTests.GetNewObservers" methodname="GetNewObservers" classname="Mirror.Tests.NetworkIdentityTests" runstate="Runnable" seed="1309696715" result="Passed" start-time="2020-04-08 02:11:44Z" end-time="0001-01-01 00:00:00Z" duration="0.003577" asserts="0">
              <properties />
              <reason>
                <message><![CDATA[]]></message>
              </reason>
            </test-case>
            <test-case id="1091" name="GetNewObserversClearsHashSet" fullname="Mirror.Tests.NetworkIdentityTests.GetNewObserversClearsHashSet" methodname="GetNewObserversClearsHashSet" classname="Mirror.Tests.NetworkIdentityTests" runstate="Runnable" seed="985611978" result="Passed" start-time="2020-04-08 02:11:44Z" end-time="0001-01-01 00:00:00Z" duration="0.001092" asserts="0">
              <properties />
              <reason>
                <message><![CDATA[]]></message>
              </reason>
            </test-case>
            <test-case id="1092" name="GetNewObserversFalseIfNoComponents" fullname="Mirror.Tests.NetworkIdentityTests.GetNewObserversFalseIfNoComponents" methodname="GetNewObserversFalseIfNoComponents" classname="Mirror.Tests.NetworkIdentityTests" runstate="Runnable" seed="1587203356" result="Passed" start-time="2020-04-08 02:11:44Z" end-time="0001-01-01 00:00:00Z" duration="0.000823" asserts="0">
              <properties />
              <reason>
                <message><![CDATA[]]></message>
              </reason>
            </test-case>
            <test-case id="1068" name="GetSetAssetId" fullname="Mirror.Tests.NetworkIdentityTests.GetSetAssetId" methodname="GetSetAssetId" classname="Mirror.Tests.NetworkIdentityTests" runstate="Runnable" seed="704207550" result="Passed" start-time="2020-04-08 02:11:44Z" end-time="0001-01-01 00:00:00Z" duration="0.003911" asserts="0">
              <properties />
              <reason>
                <message><![CDATA[]]></message>
              </reason>
            </test-case>
            <test-case id="1079" name="NotifyAuthorityCallsOnStartStopAuthority" fullname="Mirror.Tests.NetworkIdentityTests.NotifyAuthorityCallsOnStartStopAuthority" methodname="NotifyAuthorityCallsOnStartStopAuthority" classname="Mirror.Tests.NetworkIdentityTests" runstate="Runnable" seed="520030926" result="Passed" start-time="2020-04-08 02:11:44Z" end-time="0001-01-01 00:00:00Z" duration="0.006220" asserts="0">
              <properties />
              <reason>
                <message><![CDATA[]]></message>
              </reason>
            </test-case>
            <test-case id="1081" name="OnCheckObserver" fullname="Mirror.Tests.NetworkIdentityTests.OnCheckObserver" methodname="OnCheckObserver" classname="Mirror.Tests.NetworkIdentityTests" runstate="Runnable" seed="774553279" result="Passed" start-time="2020-04-08 02:11:44Z" end-time="0001-01-01 00:00:00Z" duration="0.011967" asserts="0">
              <properties />
              <reason>
                <message><![CDATA[]]></message>
              </reason>
              <output><![CDATA[
IgnoreFailingMessages:true
Exception in OnCheckObserver:some exception   at Mirror.Tests.NetworkIdentityTests+CheckObserverExceptionNetworkBehaviour.OnCheckObserver (Mirror.NetworkConnection conn) [0x00016] in /github/workspace/Assets/Mirror/Tests/Editor/NetworkIdentityTests.cs:56 
  at Mirror.NetworkIdentity.OnCheckObserver (Mirror.NetworkConnection conn) [0x00013] in /github/workspace/Assets/Mirror/Runtime/NetworkIdentity.cs:637 

IgnoreFailingMessages:false
]]></output>
            </test-case>
            <test-case id="1084" name="OnDeserializeSafelyShouldDetectAndHandleDeSerializationMismatch" fullname="Mirror.Tests.NetworkIdentityTests.OnDeserializeSafelyShouldDetectAndHandleDeSerializationMismatch" methodname="OnDeserializeSafelyShouldDetectAndHandleDeSerializationMismatch" classname="Mirror.Tests.NetworkIdentityTests" runstate="Runnable" seed="467132371" result="Passed" start-time="2020-04-08 02:11:44Z" end-time="0001-01-01 00:00:00Z" duration="0.005142" asserts="0">
              <properties />
              <reason>
                <message><![CDATA[]]></message>
              </reason>
            </test-case>
            <test-case id="1086" name="OnNetworkDestroy" fullname="Mirror.Tests.NetworkIdentityTests.OnNetworkDestroy" methodname="OnNetworkDestroy" classname="Mirror.Tests.NetworkIdentityTests" runstate="Runnable" seed="764151457" result="Passed" start-time="2020-04-08 02:11:44Z" end-time="0001-01-01 00:00:00Z" duration="0.001681" asserts="0">
              <properties />
              <reason>
                <message><![CDATA[]]></message>
              </reason>
            </test-case>
            <test-case id="1083" name="OnSerializeAllSafelyShouldDetectTooManyComponents" fullname="Mirror.Tests.NetworkIdentityTests.OnSerializeAllSafelyShouldDetectTooManyComponents" methodname="OnSerializeAllSafelyShouldDetectTooManyComponents" classname="Mirror.Tests.NetworkIdentityTests" runstate="Runnable" seed="1277187619" result="Passed" start-time="2020-04-08 02:11:44Z" end-time="0001-01-01 00:00:00Z" duration="0.003492" asserts="0">
              <properties />
              <reason>
                <message><![CDATA[]]></message>
              </reason>
            </test-case>
            <test-case id="1082" name="OnSerializeAndDeserializeAllSafely" fullname="Mirror.Tests.NetworkIdentityTests.OnSerializeAndDeserializeAllSafely" methodname="OnSerializeAndDeserializeAllSafely" classname="Mirror.Tests.NetworkIdentityTests" runstate="Runnable" seed="1964782324" result="Passed" start-time="2020-04-08 02:11:44Z" end-time="0001-01-01 00:00:00Z" duration="0.002960" asserts="0">
              <properties />
              <reason>
                <message><![CDATA[]]></message>
              </reason>
            </test-case>
[...]
          <properties>
            <property name="_JOINTYPE" value="UnityCombinatorial" />
            <property name="Category" value="Performance" />
            <property name="_SKIPREASON" value="Not supported yet" />
          </properties>
          <reason>
            <message><![CDATA[Not supported yet]]></message>
          </reason>
        </test-case>
        <test-case id="1437" name="MeasureProfilerSamples_SingleFrame_RecordsSample" fullname="MeasureProfilerSamplesTests.MeasureProfilerSamples_SingleFrame_RecordsSample" methodname="MeasureProfilerSamples_SingleFrame_RecordsSample" classname="MeasureProfilerSamplesTests" runstate="Runnable" seed="869475238" result="Passed" start-time="2020-04-08 02:13:20Z" end-time="2020-04-08 02:13:21Z" duration="0.025888" asserts="0">
          <properties>
            <property name="Category" value="Performance" />
          </properties>
          <output><![CDATA[TestMarker 1268.60 Microsecond

##performancetestresult2:{"SampleGroups":[{"Name":"TestMarker","Unit":0,"IncreaseIsBetter":false,"Samples":[1268600.0],"Min":1268600.0,"Max":1268600.0,"Median":1268600.0,"Average":1268600.0,"StandardDeviation":0.0,"Sum":1268600.0}],"Name":"MeasureProfilerSamplesTests.MeasureProfilerSamples_SingleFrame_RecordsSample","Version":"1","Categories":["Performance"]}
]]></output>
        </test-case>
        <test-case id="1441" name="MeasureProfilerSamples_string_ManyFrames_RecordsSamples" fullname="MeasureProfilerSamplesTests.MeasureProfilerSamples_string_ManyFrames_RecordsSamples" methodname="MeasureProfilerSamples_string_ManyFrames_RecordsSamples" classname="MeasureProfilerSamplesTests" runstate="Ignored" seed="181383094" result="Skipped" label="Ignored" start-time="2020-04-08 02:13:21Z" end-time="2020-04-08 02:13:21Z" duration="0.000005" asserts="0">
          <properties>
            <property name="_JOINTYPE" value="UnityCombinatorial" />
            <property name="Category" value="Performance" />
            <property name="_SKIPREASON" value="Not supported" />
          </properties>
          <reason>
            <message><![CDATA[Not supported]]></message>
          </reason>
        </test-case>
        <test-case id="1438" name="MeasureProfilerSamples_strings_SingleFrame_RecordsSample" fullname="MeasureProfilerSamplesTests.MeasureProfilerSamples_strings_SingleFrame_RecordsSample" methodname="MeasureProfilerSamples_strings_SingleFrame_RecordsSample" classname="MeasureProfilerSamplesTests" runstate="Runnable" seed="110533127" result="Passed" start-time="2020-04-08 02:13:21Z" end-time="2020-04-08 02:13:21Z" duration="0.011481" asserts="0">
          <properties>
            <property name="Category" value="Performance" />
          </properties>
          <output><![CDATA[TestMarker 1075.10 Microsecond

##performancetestresult2:{"SampleGroups":[{"Name":"TestMarker","Unit":0,"IncreaseIsBetter":false,"Samples":[1075100.0],"Min":1075100.0,"Max":1075100.0,"Median":1075100.0,"Average":1075100.0,"StandardDeviation":0.0,"Sum":1075100.0}],"Name":"MeasureProfilerSamplesTests.MeasureProfilerSamples_strings_SingleFrame_RecordsSample","Version":"1","Categories":["Performance"]}
]]></output>
        </test-case>
        <test-case id="1439" name="MeasureProfilerSamples_WhenNewScene_RecordsSample" fullname="MeasureProfilerSamplesTests.MeasureProfilerSamples_WhenNewScene_RecordsSample" methodname="MeasureProfilerSamples_WhenNewScene_RecordsSample" classname="MeasureProfilerSamplesTests" runstate="Runnable" seed="613952822" result="Passed" start-time="2020-04-08 02:13:21Z" end-time="2020-04-08 02:13:21Z" duration="0.072329" asserts="0">
          <properties>
            <property name="Category" value="Performance" />
          </properties>
          <output><![CDATA[TestMarker 1078.60 Microsecond

##performancetestresult2:{"SampleGroups":[{"Name":"TestMarker","Unit":0,"IncreaseIsBetter":false,"Samples":[1078600.0],"Min":1078600.0,"Max":1078600.0,"Median":1078600.0,"Average":1078600.0,"StandardDeviation":0.0,"Sum":1078600.0}],"Name":"MeasureProfilerSamplesTests.MeasureProfilerSamples_WhenNewScene_RecordsSample","Version":"1","Categories":["Performance"]}
]]></output>
        </test-case>
        <test-case id="1436" name="MeasureProfilerSamples_WithNoSamples_DoesNotRecordSampleGroups" fullname="MeasureProfilerSamplesTests.MeasureProfilerSamples_WithNoSamples_DoesNotRecordSampleGroups" methodname="MeasureProfilerSamples_WithNoSamples_DoesNotRecordSampleGroups" classname="MeasureProfilerSamplesTests" runstate="Runnable" seed="1822158485" result="Passed" start-time="2020-04-08 02:13:21Z" end-time="2020-04-08 02:13:21Z" duration="0.009569" asserts="0">
          <properties>
            <property name="Category" value="Performance" />
          </properties>
          <output><![CDATA[
##performancetestresult2:{"SampleGroups":[],"Name":"MeasureProfilerSamplesTests.MeasureProfilerSamples_WithNoSamples_DoesNotRecordSampleGroups","Version":"1","Categories":["Performance"]}
]]></output>
        </test-case>
      </test-suite>
      <test-suite type="TestFixture" id="1442" name="MeasureScope" fullname="MeasureScope" classname="MeasureScope" runstate="Runnable" testcasecount="3" result="Passed" start-time="2020-04-08 02:13:21Z" end-time="2020-04-08 02:13:21Z" duration="0.061977" total="3" passed="3" failed="0" inconclusive="0" skipped="0" asserts="0">
        <properties />
        <test-case id="1445" name="MeasureMultipleScopes_WithDefinition_MeasuresSamples" fullname="MeasureScope.MeasureMultipleScopes_WithDefinition_MeasuresSamples" methodname="MeasureMultipleScopes_WithDefinition_MeasuresSamples" classname="MeasureScope" runstate="Runnable" seed="341800556" result="Passed" start-time="2020-04-08 02:13:21Z" end-time="2020-04-08 02:13:21Z" duration="0.022974" asserts="0">
          <properties>
            <property name="Category" value="Performance" />
          </properties>
          <output><![CDATA[TEST Microsecond Median:1145.50 Min:1122.20 Max:1309.40 Avg:1174.93 Std:78.21 SampleCount: 4 Sum: 4699.70

##performancetestresult2:{"SampleGroups":[{"Name":"TEST","Unit":2,"IncreaseIsBetter":false,"Samples":[1.3094000000000001,1.1455,1.1222,1.1226],"Min":1.1222,"Max":1.3094000000000001,"Median":1.1455,"Average":1.1749250000000002,"StandardDeviation":0.078209953810240831,"Sum":4.6997000000000009}],"Name":"MeasureScope.MeasureMultipleScopes_WithDefinition_MeasuresSamples","Version":"1","Categories":["Performance"]}
]]></output>
        </test-case>
        <test-case id="1444" name="MeasureScope_WithDefinition_MeasuresSample" fullname="MeasureScope.MeasureScope_WithDefinition_MeasuresSample" methodname="MeasureScope_WithDefinition_MeasuresSample" classname="MeasureScope" runstate="Runnable" seed="2112506475" result="Passed" start-time="2020-04-08 02:13:21Z" end-time="2020-04-08 02:13:21Z" duration="0.013342" asserts="0">
          <properties>
            <property name="Category" value="Performance" />
          </properties>
          <output><![CDATA[TEST 1125.40 Microsecond

##performancetestresult2:{"SampleGroups":[{"Name":"TEST","Unit":2,"IncreaseIsBetter":false,"Samples":[1.1254],"Min":1.1254,"Max":1.1254,"Median":1.1254,"Average":1.1254,"StandardDeviation":0.0,"Sum":1.1254}],"Name":"MeasureScope.MeasureScope_WithDefinition_MeasuresSample","Version":"1","Categories":["Performance"]}
]]></output>
        </test-case>
        <test-case id="1443" name="MeasureScope_WithoutDefinition_MeasuresDefaultSample" fullname="MeasureScope.MeasureScope_WithoutDefinition_MeasuresDefaultSample" methodname="MeasureScope_WithoutDefinition_MeasuresDefaultSample" classname="MeasureScope" runstate="Runnable" seed="941758863" result="Passed" start-time="2020-04-08 02:13:21Z" end-time="2020-04-08 02:13:21Z" duration="0.019543" asserts="0">
          <properties>
            <property name="Category" value="Performance" />
          </properties>
          <output><![CDATA[Time 1162.40 Microsecond

##performancetestresult2:{"SampleGroups":[{"Name":"Time","Unit":2,"IncreaseIsBetter":false,"Samples":[1.1624],"Min":1.1624,"Max":1.1624,"Median":1.1624,"Average":1.1624,"StandardDeviation":0.0,"Sum":1.1624}],"Name":"MeasureScope.MeasureScope_WithoutDefinition_MeasuresDefaultSample","Version":"1","Categories":["Performance"]}
]]></output>
        </test-case>
      </test-suite>
      <test-suite type="TestFixture" id="1427" name="MeasureTimerTests" fullname="MeasureTimerTests" classname="MeasureTimerTests" runstate="Runnable" testcasecount="7" result="Passed" start-time="2020-04-08 02:13:21Z" end-time="2020-04-08 02:13:24Z" duration="3.708268" total="7" passed="7" failed="0" inconclusive="0" skipped="0" asserts="0">
        <properties />
        <test-case id="1432" name="MeasureMethod_GC_Run" fullname="MeasureTimerTests.MeasureMethod_GC_Run" methodname="MeasureMethod_GC_Run" classname="MeasureTimerTests" runstate="Runnable" seed="349265536" result="Passed" start-time="2020-04-08 02:13:21Z" end-time="2020-04-08 02:13:21Z" duration="0.565301" asserts="0">
          <properties>
            <property name="Category" value="Performance" />
          </properties>
          <output><![CDATA[Time.GC() Undefined Median:0.00 Min:0.00 Max:0.00 Avg:0.00 Std:0.00 SampleCount: 9 Sum: 0.00
Time Nanosecond Median:85.94 Min:78.98 Max:106.67 Avg:88.71 Std:9.83 SampleCount: 9 Sum: 798.38

##performancetestresult2:{"SampleGroups":[{"Name":"Time.GC()","Unit":8,"IncreaseIsBetter":false,"Samples":[0.0,0.0,0.0,0.0,0.0,0.0,0.0,0.0,0.0],"Min":0.0,"Max":0.0,"Median":0.0,"Average":0.0,"StandardDeviation":0.0,"Sum":0.0},{"Name":"Time","Unit":2,"IncreaseIsBetter":false,"Samples":[8.7000000000000461E-05,7.8980000000001389E-05,8.1909999999999167E-05,8.593999999999937E-05,0.00010422999999999547,9.2729999999994567E-05,0.00010667000000000826,7.9449999999997093E-05,8.1470000000001617E-05],"Min":7.8980000000001389E-05,"Max":0.00010667000000000826,"Median":8.593999999999937E-05,"Average":8.8708888888888607E-05,"StandardDeviation":9.82778085547415E-06,"Sum":0.00079837999999999741}],"Name":"MeasureTimerTests.MeasureMethod_GC_Run","Version":"1","Categories":["Performance"]}
]]></output>
        </test-case>
        <test-case id="1431" name="MeasureMethod_MeasurementAndIterationCount_Run" fullname="MeasureTimerTests.MeasureMethod_MeasurementAndIterationCount_Run" methodname="MeasureMethod_MeasurementAndIterationCount_Run" classname="MeasureTimerTests" runstate="Runnable" seed="1281368515" result="Passed" start-time="2020-04-08 02:13:21Z" end-time="2020-04-08 02:13:21Z" duration="0.008380" asserts="0">
          <properties>
            <property name="Category" value="Performance" />
          </properties>
          <output><![CDATA[Time Nanosecond Median:100.00 Min:100.00 Max:260.00 Avg:120.00 Std:47.33 SampleCount: 10 Sum: 1200.00

##performancetestresult2:{"SampleGroups":[{"Name":"Time","Unit":2,"IncreaseIsBetter":false,"Samples":[0.00026000000000000469,0.00011999999999999789,0.00010000000000000009,0.00010000000000000009,0.00010000000000000009,0.00010000000000000009,0.00010000000000000009,0.00010000000000000009,0.00010000000000000009,0.00012000000000000343],"Min":0.00010000000000000009,"Max":0.00026000000000000469,"Median":0.00010000000000000009,"Average":0.00012000000000000064,"StandardDeviation":4.73286382647983E-05,"Sum":0.0012000000000000064}],"Name":"MeasureTimerTests.MeasureMethod_MeasurementAndIterationCount_Run","Version":"1","Categories":["Performance"]}
]]></output>
        </test-case>
        <test-case id="1429" name="MeasureMethod_MeasurementCount_Run" fullname="MeasureTimerTests.MeasureMethod_MeasurementCount_Run" methodname="MeasureMethod_MeasurementCount_Run" classname="MeasureTimerTests" runstate="Runnable" seed="764261618" result="Passed" start-time="2020-04-08 02:13:21Z" end-time="2020-04-08 02:13:21Z" duration="0.010837" asserts="0">
          <properties>
            <property name="Category" value="Performance" />
          </properties>
          <output><![CDATA[Time Nanosecond Median:200.00 Min:100.00 Max:54200.00 Avg:5550.00 Std:16216.74 SampleCount: 10 Sum: 55500.00

##performancetestresult2:{"SampleGroups":[{"Name":"Time","Unit":2,"IncreaseIsBetter":false,"Samples":[0.0542,0.00020000000000000573,0.00010000000000001674,0.00010000000000001674,0.00020000000000000573,9.9999999999988987E-05,0.00010000000000001674,0.00010000000000001674,0.00020000000000000573,0.00019999999999997797],"Min":9.9999999999988987E-05,"Max":0.0542,"Median":0.00019999999999997797,"Average":0.0055500000000000046,"StandardDeviation":0.016216735183137196,"Sum":0.055500000000000049}],"Name":"MeasureTimerTests.MeasureMethod_MeasurementCount_Run","Version":"1","Categories":["Performance"]}
]]></output>
        </test-case>
        <test-case id="1428" name="MeasureMethod_Run" fullname="MeasureTimerTests.MeasureMethod_Run" methodname="MeasureMethod_Run" classname="MeasureTimerTests" runstate="Runnable" seed="1055863572" result="Passed" start-time="2020-04-08 02:13:21Z" end-time="2020-04-08 02:13:23Z" duration="1.290306" asserts="0">
          <properties>
            <property name="Category" value="Performance" />
          </properties>
          <output><![CDATA[Time Microsecond Median:1117.24 Min:1115.41 Max:1191.60 Avg:1125.85 Std:23.34 SampleCount: 9 Sum: 10132.63

##performancetestresult2:{"SampleGroups":[{"Name":"Time","Unit":2,"IncreaseIsBetter":false,"Samples":[1.1154056179775287,1.1164393258426963,1.1158842696629205,1.1159910112359543,1.1205865168539331,1.1916011235955057,1.1220089887640448,1.1172382022471927,1.1174752808988748],"Min":1.1154056179775287,"Max":1.1916011235955057,"Median":1.1172382022471927,"Average":1.1258478152309612,"StandardDeviation":0.0233431602124606,"Sum":10.132630337078652}],"Name":"MeasureTimerTests.MeasureMethod_Run","Version":"1","Categories":["Performance"]}
]]></output>
        </test-case>
        <test-case id="1430" name="MeasureMethod_SetupCleanup_Run" fullname="MeasureTimerTests.MeasureMethod_SetupCleanup_Run" methodname="MeasureMethod_SetupCleanup_Run" classname="MeasureTimerTests" runstate="Runnable" seed="196843758" result="Passed" start-time="2020-04-08 02:13:23Z" end-time="2020-04-08 02:13:23Z" duration="0.010004" asserts="0">
          <properties>
            <property name="Category" value="Performance" />
          </properties>
          <output><![CDATA[Time Nanosecond Median:200.00 Min:100.00 Max:53100.00 Avg:5450.00 Std:15883.47 SampleCount: 10 Sum: 54500.00

##performancetestresult2:{"SampleGroups":[{"Name":"Time","Unit":2,"IncreaseIsBetter":false,"Samples":[0.053099999999999981,0.00030000000000002247,9.9999999999988987E-05,0.00020000000000003348,0.0001000000000000445,0.0001000000000000445,0.00020000000000003348,0.00019999999999997797,9.9999999999988987E-05,9.9999999999988987E-05],"Min":9.9999999999988987E-05,"Max":0.053099999999999981,"Median":0.00019999999999997797,"Average":0.00545000000000001,"StandardDeviation":0.015883466246383364,"Sum":0.054500000000000104}],"Name":"MeasureTimerTests.MeasureMethod_SetupCleanup_Run","Version":"1","Categories":["Performance"]}
]]></output>
        </test-case>
        <test-case id="1433" name="MeasureMethod_WithEmptyMarkers_Run" fullname="MeasureTimerTests.MeasureMethod_WithEmptyMarkers_Run" methodname="MeasureMethod_WithEmptyMarkers_Run" classname="MeasureTimerTests" runstate="Runnable" seed="2030221451" result="Passed" start-time="2020-04-08 02:13:23Z" end-time="2020-04-08 02:13:23Z" duration="0.502654" asserts="0">
          <properties>
            <property name="Category" value="Performance" />
          </properties>
          <output><![CDATA[Time Nanosecond Median:78.31 Min:76.96 Max:100.44 Avg:82.92 Std:7.79 SampleCount: 9 Sum: 746.26

##performancetestresult2:{"SampleGroups":[{"Name":"Time","Unit":2,"IncreaseIsBetter":false,"Samples":[7.8309999999999038E-05,7.7569999999997213E-05,7.6959999999996851E-05,7.72299999999973E-05,9.2300000000000184E-05,8.2429999999999385E-05,8.3790000000004739E-05,7.72299999999973E-05,0.00010044000000000323],"Min":7.6959999999996851E-05,"Max":0.00010044000000000323,"Median":7.8309999999999038E-05,"Average":8.2917777777777234E-05,"StandardDeviation":7.7894526662362762E-06,"Sum":0.00074625999999999512}],"Name":"MeasureTimerTests.MeasureMethod_WithEmptyMarkers_Run","Version":"1","Categories":["Performance"]}
]]></output>
        </test-case>
        <test-case id="1434" name="MeasureMethod_WithMarkers_Run" fullname="MeasureTimerTests.MeasureMethod_WithMarkers_Run" methodname="MeasureMethod_WithMarkers_Run" classname="MeasureTimerTests" runstate="Runnable" seed="1261441160" result="Passed" start-time="2020-04-08 02:13:23Z" end-time="2020-04-08 02:13:24Z" duration="1.301081" asserts="0">
          <properties>
            <property name="Category" value="Performance" />
          </properties>
          <output><![CDATA[Time Microsecond Median:1126.70 Min:1120.14 Max:1210.01 Avg:1135.66 Std:26.55 SampleCount: 9 Sum: 10220.94
loop 1127.67 Microsecond

##performancetestresult2:{"SampleGroups":[{"Name":"Time","Unit":2,"IncreaseIsBetter":false,"Samples":[1.1277314606741569,1.1240033707865167,1.2100089887640459,1.1231685393258426,1.1297752808988759,1.1255146067415729,1.1338966292134827,1.1266977528089892,1.1201449438202249],"Min":1.1201449438202249,"Max":1.2100089887640459,"Median":1.1266977528089892,"Average":1.1356601747815231,"StandardDeviation":0.02655027663168244,"Sum":10.220941573033707},{"Name":"loop","Unit":0,"IncreaseIsBetter":false,"Samples":[1127665.6679151061],"Min":1127665.6679151061,"Max":1127665.6679151061,"Median":1127665.6679151061,"Average":1127665.6679151061,"StandardDeviation":0.0,"Sum":1127665.6679151061}],"Name":"MeasureTimerTests.MeasureMethod_WithMarkers_Run","Version":"1","Categories":["Performance"]}
]]></output>
        </test-case>
      </test-suite>
      <test-suite type="TestFixture" id="1446" name="TestSetupTeardown" fullname="TestSetupTeardown" classname="TestSetupTeardown" runstate="Runnable" testcasecount="1" result="Passed" start-time="2020-04-08 02:13:24Z" end-time="2020-04-08 02:13:24Z" duration="0.035050" total="1" passed="1" failed="0" inconclusive="0" skipped="0" asserts="0">
        <properties />
        <test-case id="1447" name="Test" fullname="TestSetupTeardown.Test" methodname="Test" classname="TestSetupTeardown" runstate="Runnable" seed="1505528808" result="Passed" start-time="2020-04-08 02:13:24Z" end-time="2020-04-08 02:13:24Z" duration="0.033345" asserts="0">
          <properties>
            <property name="Category" value="Performance" />
          </properties>
          <output><![CDATA[Setup
Teardown

##performancetestresult2:{"SampleGroups":[],"Name":"TestSetupTeardown.Test","Version":"1","Categories":["Performance"]}
]]></output>
        </test-case>
      </test-suite>
      <test-suite type="TestFixture" id="1448" name="UnityTestSetupTeardown" fullname="UnityTestSetupTeardown" classname="UnityTestSetupTeardown" runstate="Runnable" testcasecount="1" result="Passed" start-time="2020-04-08 02:13:24Z" end-time="2020-04-08 02:13:24Z" duration="0.032656" total="1" passed="1" failed="0" inconclusive="0" skipped="0" asserts="0">
        <properties />
        <test-case id="1449" name="Test" fullname="UnityTestSetupTeardown.Test" methodname="Test" classname="UnityTestSetupTeardown" runstate="Runnable" seed="1454381926" result="Passed" start-time="2020-04-08 02:13:24Z" end-time="2020-04-08 02:13:24Z" duration="0.029676" asserts="0">
          <properties>
            <property name="_JOINTYPE" value="UnityCombinatorial" />
            <property name="Category" value="Performance" />
          </properties>
          <output><![CDATA[Setup
Teardown

##performancetestresult2:{"SampleGroups":[],"Name":"UnityTestSetupTeardown.Test","Version":"1","Categories":["Performance"]}
]]></output>
        </test-case>
      </test-suite>
    </test-suite>
  </test-suite>
</test-run>